[0.204s] Invoking command in '/home/tahir/midterm_project/src/build/vehicle_description': CMAKE_PREFIX_PATH=${CMAKE_PREFIX_PATH}:/home/tahir/ros2_ws/install/turtle_package:/home/tahir/ros2_ws/install/ros_examples:/home/tahir/ros2_ws/install/my_package:/home/tahir/ros2_ws/install/imu_example_controller:/home/tahir/bumperbot_wss/install/bumperbot_py_examples:/home/tahir/bumperbot_ws/install/bumperbot_slam:/home/tahir/bumperbot_ws/install/bumperbot_navigation:/opt/ros/humble /usr/bin/cmake /home/tahir/midterm_project/src/vehicle_description -DAMENT_CMAKE_SYMLINK_INSTALL=1 -DCMAKE_INSTALL_PREFIX=/home/tahir/midterm_project/src/install/vehicle_description
[0.239s] -- The C compiler identification is GNU 11.4.0
[0.272s] -- The CXX compiler identification is GNU 11.4.0
[0.277s] -- Detecting C compiler ABI info
[0.319s] -- Detecting C compiler ABI info - done
[0.324s] -- Check for working C compiler: /usr/bin/cc - skipped
[0.324s] -- Detecting C compile features
[0.324s] -- Detecting C compile features - done
[0.326s] -- Detecting CXX compiler ABI info
[0.374s] -- Detecting CXX compiler ABI info - done
[0.379s] -- Check for working CXX compiler: /usr/bin/c++ - skipped
[0.379s] -- Detecting CXX compile features
[0.379s] -- Detecting CXX compile features - done
[0.382s] -- Found ament_cmake: 1.3.11 (/opt/ros/humble/share/ament_cmake/cmake)
[0.512s] -- Found Python3: /usr/bin/python3 (found version "3.10.12") found components: Interpreter 
[0.560s] -- Override CMake install command with custom implementation using symlinks instead of copying resources
[0.591s] -- Found ament_lint_auto: 0.12.11 (/opt/ros/humble/share/ament_lint_auto/cmake)
[0.671s] -- Added test 'flake8' to check Python code syntax and style conventions
[0.675s] -- Added test 'lint_cmake' to check CMake code style
[0.678s] -- Added test 'pep257' to check Python code against some of the docstring style conventions in PEP 257
[0.698s] -- Added test 'xmllint' to check XML markup files
[0.699s] -- Configuring done
[0.700s] -- Generating done
[0.701s] -- Build files have been written to: /home/tahir/midterm_project/src/build/vehicle_description
[0.704s] Invoked command in '/home/tahir/midterm_project/src/build/vehicle_description' returned '0': CMAKE_PREFIX_PATH=${CMAKE_PREFIX_PATH}:/home/tahir/ros2_ws/install/turtle_package:/home/tahir/ros2_ws/install/ros_examples:/home/tahir/ros2_ws/install/my_package:/home/tahir/ros2_ws/install/imu_example_controller:/home/tahir/bumperbot_wss/install/bumperbot_py_examples:/home/tahir/bumperbot_ws/install/bumperbot_slam:/home/tahir/bumperbot_ws/install/bumperbot_navigation:/opt/ros/humble /usr/bin/cmake /home/tahir/midterm_project/src/vehicle_description -DAMENT_CMAKE_SYMLINK_INSTALL=1 -DCMAKE_INSTALL_PREFIX=/home/tahir/midterm_project/src/install/vehicle_description
[0.705s] Invoking command in '/home/tahir/midterm_project/src/build/vehicle_description': CMAKE_PREFIX_PATH=${CMAKE_PREFIX_PATH}:/home/tahir/ros2_ws/install/turtle_package:/home/tahir/ros2_ws/install/ros_examples:/home/tahir/ros2_ws/install/my_package:/home/tahir/ros2_ws/install/imu_example_controller:/home/tahir/bumperbot_wss/install/bumperbot_py_examples:/home/tahir/bumperbot_ws/install/bumperbot_slam:/home/tahir/bumperbot_ws/install/bumperbot_navigation:/opt/ros/humble /usr/bin/cmake --build /home/tahir/midterm_project/src/build/vehicle_description -- -j16 -l16
[0.728s] Invoked command in '/home/tahir/midterm_project/src/build/vehicle_description' returned '0': CMAKE_PREFIX_PATH=${CMAKE_PREFIX_PATH}:/home/tahir/ros2_ws/install/turtle_package:/home/tahir/ros2_ws/install/ros_examples:/home/tahir/ros2_ws/install/my_package:/home/tahir/ros2_ws/install/imu_example_controller:/home/tahir/bumperbot_wss/install/bumperbot_py_examples:/home/tahir/bumperbot_ws/install/bumperbot_slam:/home/tahir/bumperbot_ws/install/bumperbot_navigation:/opt/ros/humble /usr/bin/cmake --build /home/tahir/midterm_project/src/build/vehicle_description -- -j16 -l16
[0.734s] Invoking command in '/home/tahir/midterm_project/src/build/vehicle_description': CMAKE_PREFIX_PATH=${CMAKE_PREFIX_PATH}:/home/tahir/ros2_ws/install/turtle_package:/home/tahir/ros2_ws/install/ros_examples:/home/tahir/ros2_ws/install/my_package:/home/tahir/ros2_ws/install/imu_example_controller:/home/tahir/bumperbot_wss/install/bumperbot_py_examples:/home/tahir/bumperbot_ws/install/bumperbot_slam:/home/tahir/bumperbot_ws/install/bumperbot_navigation:/opt/ros/humble /usr/bin/cmake --install /home/tahir/midterm_project/src/build/vehicle_description
[0.738s] -- Install configuration: ""
[0.738s] -- Execute custom install script
[0.739s] -- Symlinking: /home/tahir/midterm_project/src/install/vehicle_description/share/vehicle_description/urdf/vehicle_core.urdf.xacro
[0.743s] -- Symlinking: /home/tahir/midterm_project/src/install/vehicle_description/share/vehicle_description/urdf/vehicle_gazebo.xacro
[0.748s] -- Symlinking: /home/tahir/midterm_project/src/install/vehicle_description/share/vehicle_description/urdf/vehicle_gazebo_controls.xacro
[0.752s] -- Symlinking: /home/tahir/midterm_project/src/install/vehicle_description/share/vehicle_description/urdf/vehicle_materials.xacro
[0.757s] -- Symlinking: /home/tahir/midterm_project/src/install/vehicle_description/share/vehicle_description/rviz/display.rviz
[0.762s] -- Symlinking: /home/tahir/midterm_project/src/install/vehicle_description/share/vehicle_description/launch/display.launch.py
[0.766s] -- Symlinking: /home/tahir/midterm_project/src/install/vehicle_description/share/vehicle_description/launch/gazebo.launch.py
[0.771s] -- Symlinking: /home/tahir/midterm_project/src/install/vehicle_description/share/vehicle_description/config/vehicle_controller.yaml
[0.779s] -- Symlinking: /home/tahir/midterm_project/src/install/vehicle_description/share/vehicle_description/models/aws_robomaker_residential_AirconditionerA_01/materials/textures/aws_AirconditionerA_01.png
[0.784s] -- Symlinking: /home/tahir/midterm_project/src/install/vehicle_description/share/vehicle_description/models/aws_robomaker_residential_AirconditionerA_01/meshes/aws_AirconditionerA_01_collision.DAE
[0.789s] -- Symlinking: /home/tahir/midterm_project/src/install/vehicle_description/share/vehicle_description/models/aws_robomaker_residential_AirconditionerA_01/meshes/aws_AirconditionerA_01_visual.DAE
[0.794s] -- Symlinking: /home/tahir/midterm_project/src/install/vehicle_description/share/vehicle_description/models/aws_robomaker_residential_AirconditionerA_01/meshes/aws__Air conditioner_01.DAE
[0.798s] -- Symlinking: /home/tahir/midterm_project/src/install/vehicle_description/share/vehicle_description/models/aws_robomaker_residential_AirconditionerA_01/model.config
[0.803s] -- Symlinking: /home/tahir/midterm_project/src/install/vehicle_description/share/vehicle_description/models/aws_robomaker_residential_AirconditionerA_01/model.sdf
[0.808s] -- Symlinking: /home/tahir/midterm_project/src/install/vehicle_description/share/vehicle_description/models/aws_robomaker_residential_AirconditionerB_01/materials/textures/aws_AirconditionerB_01.png
[0.812s] -- Symlinking: /home/tahir/midterm_project/src/install/vehicle_description/share/vehicle_description/models/aws_robomaker_residential_AirconditionerB_01/meshes/aws_AirconditionerB_01_collision.DAE
[0.817s] -- Symlinking: /home/tahir/midterm_project/src/install/vehicle_description/share/vehicle_description/models/aws_robomaker_residential_AirconditionerB_01/meshes/aws_AirconditionerB_01_visual.DAE
[0.821s] -- Symlinking: /home/tahir/midterm_project/src/install/vehicle_description/share/vehicle_description/models/aws_robomaker_residential_AirconditionerB_01/model.config
[0.827s] -- Symlinking: /home/tahir/midterm_project/src/install/vehicle_description/share/vehicle_description/models/aws_robomaker_residential_AirconditionerB_01/model.sdf
[0.831s] -- Symlinking: /home/tahir/midterm_project/src/install/vehicle_description/share/vehicle_description/models/aws_robomaker_residential_BalconyTable_01/materials/textures/aws_BalconyTable_01.png
[0.836s] -- Symlinking: /home/tahir/midterm_project/src/install/vehicle_description/share/vehicle_description/models/aws_robomaker_residential_BalconyTable_01/meshes/aws_BalconyTable_01_collision.DAE
[0.840s] -- Symlinking: /home/tahir/midterm_project/src/install/vehicle_description/share/vehicle_description/models/aws_robomaker_residential_BalconyTable_01/meshes/aws_BalconyTable_01_visual.DAE
[0.845s] -- Symlinking: /home/tahir/midterm_project/src/install/vehicle_description/share/vehicle_description/models/aws_robomaker_residential_BalconyTable_01/model.config
[0.850s] -- Symlinking: /home/tahir/midterm_project/src/install/vehicle_description/share/vehicle_description/models/aws_robomaker_residential_BalconyTable_01/model.sdf
[0.854s] -- Symlinking: /home/tahir/midterm_project/src/install/vehicle_description/share/vehicle_description/models/aws_robomaker_residential_Ball_01/materials/textures/aws_Ball_01.png
[0.858s] -- Symlinking: /home/tahir/midterm_project/src/install/vehicle_description/share/vehicle_description/models/aws_robomaker_residential_Ball_01/meshes/aws_Ball_01_collision.DAE
[0.863s] -- Symlinking: /home/tahir/midterm_project/src/install/vehicle_description/share/vehicle_description/models/aws_robomaker_residential_Ball_01/meshes/aws_Ball_01_visual.DAE
[0.867s] -- Symlinking: /home/tahir/midterm_project/src/install/vehicle_description/share/vehicle_description/models/aws_robomaker_residential_Ball_01/model.config
[0.872s] -- Symlinking: /home/tahir/midterm_project/src/install/vehicle_description/share/vehicle_description/models/aws_robomaker_residential_Ball_01/model.sdf
[0.877s] -- Symlinking: /home/tahir/midterm_project/src/install/vehicle_description/share/vehicle_description/models/aws_robomaker_residential_Bed_01/materials/textures/aws_BedA_01.png
[0.882s] -- Symlinking: /home/tahir/midterm_project/src/install/vehicle_description/share/vehicle_description/models/aws_robomaker_residential_Bed_01/materials/textures/aws_BedB_01.png
[0.887s] -- Symlinking: /home/tahir/midterm_project/src/install/vehicle_description/share/vehicle_description/models/aws_robomaker_residential_Bed_01/materials/textures/aws_BedC_01.png
[0.892s] -- Symlinking: /home/tahir/midterm_project/src/install/vehicle_description/share/vehicle_description/models/aws_robomaker_residential_Bed_01/materials/textures/aws_Bed_01.png
[0.898s] -- Symlinking: /home/tahir/midterm_project/src/install/vehicle_description/share/vehicle_description/models/aws_robomaker_residential_Bed_01/meshes/aws_Bed_01_collision.DAE
[0.903s] -- Symlinking: /home/tahir/midterm_project/src/install/vehicle_description/share/vehicle_description/models/aws_robomaker_residential_Bed_01/meshes/aws_Bed_01_visual.DAE
[0.908s] -- Symlinking: /home/tahir/midterm_project/src/install/vehicle_description/share/vehicle_description/models/aws_robomaker_residential_Bed_01/model.config
[0.913s] -- Symlinking: /home/tahir/midterm_project/src/install/vehicle_description/share/vehicle_description/models/aws_robomaker_residential_Bed_01/model.sdf
[0.917s] -- Symlinking: /home/tahir/midterm_project/src/install/vehicle_description/share/vehicle_description/models/aws_robomaker_residential_Board_01/materials/textures/aws_Board_01.png
[0.922s] -- Symlinking: /home/tahir/midterm_project/src/install/vehicle_description/share/vehicle_description/models/aws_robomaker_residential_Board_01/meshes/aws_Board_01_collision.DAE
[0.926s] -- Symlinking: /home/tahir/midterm_project/src/install/vehicle_description/share/vehicle_description/models/aws_robomaker_residential_Board_01/meshes/aws_Board_01_visual.DAE
[0.931s] -- Symlinking: /home/tahir/midterm_project/src/install/vehicle_description/share/vehicle_description/models/aws_robomaker_residential_Board_01/model.config
[0.936s] -- Symlinking: /home/tahir/midterm_project/src/install/vehicle_description/share/vehicle_description/models/aws_robomaker_residential_Board_01/model.sdf
[0.940s] -- Symlinking: /home/tahir/midterm_project/src/install/vehicle_description/share/vehicle_description/models/aws_robomaker_residential_Carpet_01/materials/textures/aws_Carpet_01.png
[0.945s] -- Symlinking: /home/tahir/midterm_project/src/install/vehicle_description/share/vehicle_description/models/aws_robomaker_residential_Carpet_01/meshes/aws_Carpet_01_collision.DAE
[0.949s] -- Symlinking: /home/tahir/midterm_project/src/install/vehicle_description/share/vehicle_description/models/aws_robomaker_residential_Carpet_01/meshes/aws_Carpet_01_visual.DAE
[0.954s] -- Symlinking: /home/tahir/midterm_project/src/install/vehicle_description/share/vehicle_description/models/aws_robomaker_residential_Carpet_01/model.config
[0.958s] -- Symlinking: /home/tahir/midterm_project/src/install/vehicle_description/share/vehicle_description/models/aws_robomaker_residential_Carpet_01/model.sdf
[0.962s] -- Symlinking: /home/tahir/midterm_project/src/install/vehicle_description/share/vehicle_description/models/aws_robomaker_residential_ChairA_01/materials/textures/aws_ChairA_01.png
[0.967s] -- Symlinking: /home/tahir/midterm_project/src/install/vehicle_description/share/vehicle_description/models/aws_robomaker_residential_ChairA_01/meshes/aws_ChairA_01_collision.DAE
[0.971s] -- Symlinking: /home/tahir/midterm_project/src/install/vehicle_description/share/vehicle_description/models/aws_robomaker_residential_ChairA_01/meshes/aws_ChairA_01_visual.DAE
[0.976s] -- Symlinking: /home/tahir/midterm_project/src/install/vehicle_description/share/vehicle_description/models/aws_robomaker_residential_ChairA_01/model.config
[0.980s] -- Symlinking: /home/tahir/midterm_project/src/install/vehicle_description/share/vehicle_description/models/aws_robomaker_residential_ChairA_01/model.sdf
[0.984s] -- Symlinking: /home/tahir/midterm_project/src/install/vehicle_description/share/vehicle_description/models/aws_robomaker_residential_ChairD_01/materials/textures/aws_ChairD_01.png
[0.989s] -- Symlinking: /home/tahir/midterm_project/src/install/vehicle_description/share/vehicle_description/models/aws_robomaker_residential_ChairD_01/meshes/aws_ChairD_01_collision.DAE
[0.993s] -- Symlinking: /home/tahir/midterm_project/src/install/vehicle_description/share/vehicle_description/models/aws_robomaker_residential_ChairD_01/meshes/aws_ChairD_01_visual.DAE
[0.998s] -- Symlinking: /home/tahir/midterm_project/src/install/vehicle_description/share/vehicle_description/models/aws_robomaker_residential_ChairD_01/model.config
[1.002s] -- Symlinking: /home/tahir/midterm_project/src/install/vehicle_description/share/vehicle_description/models/aws_robomaker_residential_ChairD_01/model.sdf
[1.006s] -- Symlinking: /home/tahir/midterm_project/src/install/vehicle_description/share/vehicle_description/models/aws_robomaker_residential_Chandelier_01/materials/textures/aws_Chandelier_01.png
[1.011s] -- Symlinking: /home/tahir/midterm_project/src/install/vehicle_description/share/vehicle_description/models/aws_robomaker_residential_Chandelier_01/meshes/aws_Chandelier_01.DAE
[1.016s] -- Symlinking: /home/tahir/midterm_project/src/install/vehicle_description/share/vehicle_description/models/aws_robomaker_residential_Chandelier_01/meshes/aws_Chandelier_01_collision.DAE
[1.020s] -- Symlinking: /home/tahir/midterm_project/src/install/vehicle_description/share/vehicle_description/models/aws_robomaker_residential_Chandelier_01/meshes/aws_Chandelier_01_visual.DAE
[1.026s] -- Symlinking: /home/tahir/midterm_project/src/install/vehicle_description/share/vehicle_description/models/aws_robomaker_residential_Chandelier_01/model.config
[1.031s] -- Symlinking: /home/tahir/midterm_project/src/install/vehicle_description/share/vehicle_description/models/aws_robomaker_residential_Chandelier_01/model.sdf
[1.036s] -- Symlinking: /home/tahir/midterm_project/src/install/vehicle_description/share/vehicle_description/models/aws_robomaker_residential_CoffeeTable_01/materials/textures/aws_CoffeeTable_01.png
[1.041s] -- Symlinking: /home/tahir/midterm_project/src/install/vehicle_description/share/vehicle_description/models/aws_robomaker_residential_CoffeeTable_01/meshes/aws_CoffeeTable_01_collision.DAE
[1.046s] -- Symlinking: /home/tahir/midterm_project/src/install/vehicle_description/share/vehicle_description/models/aws_robomaker_residential_CoffeeTable_01/meshes/aws_CoffeeTable_01_visual.DAE
[1.052s] -- Symlinking: /home/tahir/midterm_project/src/install/vehicle_description/share/vehicle_description/models/aws_robomaker_residential_CoffeeTable_01/model.config
[1.057s] -- Symlinking: /home/tahir/midterm_project/src/install/vehicle_description/share/vehicle_description/models/aws_robomaker_residential_CoffeeTable_01/model.sdf
[1.063s] -- Symlinking: /home/tahir/midterm_project/src/install/vehicle_description/share/vehicle_description/models/aws_robomaker_residential_CookingBench_01/materials/textures/aws_CookingBench_01.png
[1.069s] -- Symlinking: /home/tahir/midterm_project/src/install/vehicle_description/share/vehicle_description/models/aws_robomaker_residential_CookingBench_01/meshes/aws_CookingBench_01.DAE
[1.074s] -- Symlinking: /home/tahir/midterm_project/src/install/vehicle_description/share/vehicle_description/models/aws_robomaker_residential_CookingBench_01/meshes/aws_CookingBench_01_collision.DAE
[1.080s] -- Symlinking: /home/tahir/midterm_project/src/install/vehicle_description/share/vehicle_description/models/aws_robomaker_residential_CookingBench_01/meshes/aws_CookingBench_01_visual.DAE
[1.086s] -- Symlinking: /home/tahir/midterm_project/src/install/vehicle_description/share/vehicle_description/models/aws_robomaker_residential_CookingBench_01/model.config
[1.092s] -- Symlinking: /home/tahir/midterm_project/src/install/vehicle_description/share/vehicle_description/models/aws_robomaker_residential_CookingBench_01/model.sdf
[1.098s] -- Symlinking: /home/tahir/midterm_project/src/install/vehicle_description/share/vehicle_description/models/aws_robomaker_residential_Curtain_01/materials/textures/aws_Curtain_01.png
[1.104s] -- Symlinking: /home/tahir/midterm_project/src/install/vehicle_description/share/vehicle_description/models/aws_robomaker_residential_Curtain_01/meshes/aws_Curtain_01_collision.DAE
[1.110s] -- Symlinking: /home/tahir/midterm_project/src/install/vehicle_description/share/vehicle_description/models/aws_robomaker_residential_Curtain_01/meshes/aws_Curtain_01_visual.DAE
[1.116s] -- Symlinking: /home/tahir/midterm_project/src/install/vehicle_description/share/vehicle_description/models/aws_robomaker_residential_Curtain_01/model.config
[1.121s] -- Symlinking: /home/tahir/midterm_project/src/install/vehicle_description/share/vehicle_description/models/aws_robomaker_residential_Curtain_01/model.sdf
[1.127s] -- Symlinking: /home/tahir/midterm_project/src/install/vehicle_description/share/vehicle_description/models/aws_robomaker_residential_DeskPortraitA_01/materials/textures/aws_DeskPortraitA_01.png
[1.133s] -- Symlinking: /home/tahir/midterm_project/src/install/vehicle_description/share/vehicle_description/models/aws_robomaker_residential_DeskPortraitA_01/materials/textures/aws_DeskPortraitA_02.png
[1.139s] -- Symlinking: /home/tahir/midterm_project/src/install/vehicle_description/share/vehicle_description/models/aws_robomaker_residential_DeskPortraitA_01/meshes/aws_DeskPortraitA_01_collision.DAE
[1.145s] -- Symlinking: /home/tahir/midterm_project/src/install/vehicle_description/share/vehicle_description/models/aws_robomaker_residential_DeskPortraitA_01/meshes/aws_DeskPortraitA_01_visual.DAE
[1.150s] -- Symlinking: /home/tahir/midterm_project/src/install/vehicle_description/share/vehicle_description/models/aws_robomaker_residential_DeskPortraitA_01/model.config
[1.156s] -- Symlinking: /home/tahir/midterm_project/src/install/vehicle_description/share/vehicle_description/models/aws_robomaker_residential_DeskPortraitA_01/model.sdf
[1.162s] -- Symlinking: /home/tahir/midterm_project/src/install/vehicle_description/share/vehicle_description/models/aws_robomaker_residential_DeskPortraitA_02/materials/textures/aws_DeskPortraitA_01.png
[1.166s] -- Symlinking: /home/tahir/midterm_project/src/install/vehicle_description/share/vehicle_description/models/aws_robomaker_residential_DeskPortraitA_02/materials/textures/aws_DeskPortraitA_02.png
[1.171s] -- Symlinking: /home/tahir/midterm_project/src/install/vehicle_description/share/vehicle_description/models/aws_robomaker_residential_DeskPortraitA_02/meshes/aws_DeskPortraitA_01_collision.DAE
[1.176s] -- Symlinking: /home/tahir/midterm_project/src/install/vehicle_description/share/vehicle_description/models/aws_robomaker_residential_DeskPortraitA_02/meshes/aws_DeskPortraitA_01_visual.DAE
[1.180s] -- Symlinking: /home/tahir/midterm_project/src/install/vehicle_description/share/vehicle_description/models/aws_robomaker_residential_DeskPortraitA_02/model.config
[1.185s] -- Symlinking: /home/tahir/midterm_project/src/install/vehicle_description/share/vehicle_description/models/aws_robomaker_residential_DeskPortraitA_02/model.sdf
[1.189s] -- Symlinking: /home/tahir/midterm_project/src/install/vehicle_description/share/vehicle_description/models/aws_robomaker_residential_DeskPortraitB_01/materials/textures/aws_DeskPortraitB_01.png
[1.194s] -- Symlinking: /home/tahir/midterm_project/src/install/vehicle_description/share/vehicle_description/models/aws_robomaker_residential_DeskPortraitB_01/materials/textures/aws_DeskPortraitB_02.png
[1.198s] -- Symlinking: /home/tahir/midterm_project/src/install/vehicle_description/share/vehicle_description/models/aws_robomaker_residential_DeskPortraitB_01/meshes/aws_DeskPortraitB_01_collision.DAE
[1.203s] -- Symlinking: /home/tahir/midterm_project/src/install/vehicle_description/share/vehicle_description/models/aws_robomaker_residential_DeskPortraitB_01/meshes/aws_DeskPortraitB_01_visual.DAE
[1.207s] -- Symlinking: /home/tahir/midterm_project/src/install/vehicle_description/share/vehicle_description/models/aws_robomaker_residential_DeskPortraitB_01/model.config
[1.212s] -- Symlinking: /home/tahir/midterm_project/src/install/vehicle_description/share/vehicle_description/models/aws_robomaker_residential_DeskPortraitB_01/model.sdf
[1.216s] -- Symlinking: /home/tahir/midterm_project/src/install/vehicle_description/share/vehicle_description/models/aws_robomaker_residential_DeskPortraitB_02/materials/textures/aws_DeskPortraitB_01.png
[1.220s] -- Symlinking: /home/tahir/midterm_project/src/install/vehicle_description/share/vehicle_description/models/aws_robomaker_residential_DeskPortraitB_02/materials/textures/aws_DeskPortraitB_02.png
[1.226s] -- Symlinking: /home/tahir/midterm_project/src/install/vehicle_description/share/vehicle_description/models/aws_robomaker_residential_DeskPortraitB_02/meshes/aws_DeskPortraitB_01_collision.DAE
[1.230s] -- Symlinking: /home/tahir/midterm_project/src/install/vehicle_description/share/vehicle_description/models/aws_robomaker_residential_DeskPortraitB_02/meshes/aws_DeskPortraitB_01_visual.DAE
[1.235s] -- Symlinking: /home/tahir/midterm_project/src/install/vehicle_description/share/vehicle_description/models/aws_robomaker_residential_DeskPortraitB_02/model.config
[1.240s] -- Symlinking: /home/tahir/midterm_project/src/install/vehicle_description/share/vehicle_description/models/aws_robomaker_residential_DeskPortraitB_02/model.sdf
[1.244s] -- Symlinking: /home/tahir/midterm_project/src/install/vehicle_description/share/vehicle_description/models/aws_robomaker_residential_DeskPortraitC_01/materials/textures/aws_DeskPortraitC_01.png
[1.248s] -- Symlinking: /home/tahir/midterm_project/src/install/vehicle_description/share/vehicle_description/models/aws_robomaker_residential_DeskPortraitC_01/materials/textures/aws_DeskPortraitC_02.png
[1.253s] -- Symlinking: /home/tahir/midterm_project/src/install/vehicle_description/share/vehicle_description/models/aws_robomaker_residential_DeskPortraitC_01/meshes/aws_DeskPortraitC_01_collision.DAE
[1.257s] -- Symlinking: /home/tahir/midterm_project/src/install/vehicle_description/share/vehicle_description/models/aws_robomaker_residential_DeskPortraitC_01/meshes/aws_DeskPortraitC_01_visual.DAE
[1.261s] -- Symlinking: /home/tahir/midterm_project/src/install/vehicle_description/share/vehicle_description/models/aws_robomaker_residential_DeskPortraitC_01/model.config
[1.266s] -- Symlinking: /home/tahir/midterm_project/src/install/vehicle_description/share/vehicle_description/models/aws_robomaker_residential_DeskPortraitC_01/model.sdf
[1.270s] -- Symlinking: /home/tahir/midterm_project/src/install/vehicle_description/share/vehicle_description/models/aws_robomaker_residential_DeskPortraitC_02/materials/textures/aws_DeskPortraitC_01.png
[1.274s] -- Symlinking: /home/tahir/midterm_project/src/install/vehicle_description/share/vehicle_description/models/aws_robomaker_residential_DeskPortraitC_02/materials/textures/aws_DeskPortraitC_02.png
[1.279s] -- Symlinking: /home/tahir/midterm_project/src/install/vehicle_description/share/vehicle_description/models/aws_robomaker_residential_DeskPortraitC_02/meshes/aws_DeskPortraitC_01_collision.DAE
[1.284s] -- Symlinking: /home/tahir/midterm_project/src/install/vehicle_description/share/vehicle_description/models/aws_robomaker_residential_DeskPortraitC_02/meshes/aws_DeskPortraitC_01_visual.DAE
[1.288s] -- Symlinking: /home/tahir/midterm_project/src/install/vehicle_description/share/vehicle_description/models/aws_robomaker_residential_DeskPortraitC_02/model.config
[1.293s] -- Symlinking: /home/tahir/midterm_project/src/install/vehicle_description/share/vehicle_description/models/aws_robomaker_residential_DeskPortraitC_02/model.sdf
[1.298s] -- Symlinking: /home/tahir/midterm_project/src/install/vehicle_description/share/vehicle_description/models/aws_robomaker_residential_DeskPortraitD_01/materials/textures/aws_DeskPortraitD_01.png
[1.302s] -- Symlinking: /home/tahir/midterm_project/src/install/vehicle_description/share/vehicle_description/models/aws_robomaker_residential_DeskPortraitD_01/materials/textures/aws_DeskPortraitD_02.png
[1.307s] -- Symlinking: /home/tahir/midterm_project/src/install/vehicle_description/share/vehicle_description/models/aws_robomaker_residential_DeskPortraitD_01/meshes/aws_DeskPortraitD_01_collision.DAE
[1.312s] -- Symlinking: /home/tahir/midterm_project/src/install/vehicle_description/share/vehicle_description/models/aws_robomaker_residential_DeskPortraitD_01/meshes/aws_DeskPortraitD_01_visual.DAE
[1.317s] -- Symlinking: /home/tahir/midterm_project/src/install/vehicle_description/share/vehicle_description/models/aws_robomaker_residential_DeskPortraitD_01/model.config
[1.322s] -- Symlinking: /home/tahir/midterm_project/src/install/vehicle_description/share/vehicle_description/models/aws_robomaker_residential_DeskPortraitD_01/model.sdf
[1.328s] -- Symlinking: /home/tahir/midterm_project/src/install/vehicle_description/share/vehicle_description/models/aws_robomaker_residential_DeskPortraitD_02/materials/textures/aws_DeskPortraitD_01.png
[1.333s] -- Symlinking: /home/tahir/midterm_project/src/install/vehicle_description/share/vehicle_description/models/aws_robomaker_residential_DeskPortraitD_02/materials/textures/aws_DeskPortraitD_02.png
[1.338s] -- Symlinking: /home/tahir/midterm_project/src/install/vehicle_description/share/vehicle_description/models/aws_robomaker_residential_DeskPortraitD_02/meshes/aws_DeskPortraitD_01_collision.DAE
[1.343s] -- Symlinking: /home/tahir/midterm_project/src/install/vehicle_description/share/vehicle_description/models/aws_robomaker_residential_DeskPortraitD_02/meshes/aws_DeskPortraitD_01_visual.DAE
[1.348s] -- Symlinking: /home/tahir/midterm_project/src/install/vehicle_description/share/vehicle_description/models/aws_robomaker_residential_DeskPortraitD_02/model.config
[1.353s] -- Symlinking: /home/tahir/midterm_project/src/install/vehicle_description/share/vehicle_description/models/aws_robomaker_residential_DeskPortraitD_02/model.sdf
[1.358s] -- Symlinking: /home/tahir/midterm_project/src/install/vehicle_description/share/vehicle_description/models/aws_robomaker_residential_DeskPortraitD_03/materials/textures/aws_DeskPortraitD_01.png
[1.363s] -- Symlinking: /home/tahir/midterm_project/src/install/vehicle_description/share/vehicle_description/models/aws_robomaker_residential_DeskPortraitD_03/materials/textures/aws_DeskPortraitD_02.png
[1.368s] -- Symlinking: /home/tahir/midterm_project/src/install/vehicle_description/share/vehicle_description/models/aws_robomaker_residential_DeskPortraitD_03/meshes/aws_DeskPortraitD_01_collision.DAE
[1.373s] -- Symlinking: /home/tahir/midterm_project/src/install/vehicle_description/share/vehicle_description/models/aws_robomaker_residential_DeskPortraitD_03/meshes/aws_DeskPortraitD_01_visual.DAE
[1.378s] -- Symlinking: /home/tahir/midterm_project/src/install/vehicle_description/share/vehicle_description/models/aws_robomaker_residential_DeskPortraitD_03/model.config
[1.383s] -- Symlinking: /home/tahir/midterm_project/src/install/vehicle_description/share/vehicle_description/models/aws_robomaker_residential_DeskPortraitD_03/model.sdf
[1.388s] -- Symlinking: /home/tahir/midterm_project/src/install/vehicle_description/share/vehicle_description/models/aws_robomaker_residential_DeskPortraitD_04/materials/textures/aws_DeskPortraitD_01.png
[1.393s] -- Symlinking: /home/tahir/midterm_project/src/install/vehicle_description/share/vehicle_description/models/aws_robomaker_residential_DeskPortraitD_04/materials/textures/aws_DeskPortraitD_02.png
[1.403s] -- Symlinking: /home/tahir/midterm_project/src/install/vehicle_description/share/vehicle_description/models/aws_robomaker_residential_DeskPortraitD_04/meshes/aws_DeskPortraitD_01_collision.DAE
[1.409s] -- Symlinking: /home/tahir/midterm_project/src/install/vehicle_description/share/vehicle_description/models/aws_robomaker_residential_DeskPortraitD_04/meshes/aws_DeskPortraitD_01_visual.DAE
[1.414s] -- Symlinking: /home/tahir/midterm_project/src/install/vehicle_description/share/vehicle_description/models/aws_robomaker_residential_DeskPortraitD_04/model.config
[1.419s] -- Symlinking: /home/tahir/midterm_project/src/install/vehicle_description/share/vehicle_description/models/aws_robomaker_residential_DeskPortraitD_04/model.sdf
[1.425s] -- Symlinking: /home/tahir/midterm_project/src/install/vehicle_description/share/vehicle_description/models/aws_robomaker_residential_Door_01/materials/textures/aws_Door_01.png
[1.431s] -- Symlinking: /home/tahir/midterm_project/src/install/vehicle_description/share/vehicle_description/models/aws_robomaker_residential_Door_01/meshes/aws_Door_01_collision.DAE
[1.436s] -- Symlinking: /home/tahir/midterm_project/src/install/vehicle_description/share/vehicle_description/models/aws_robomaker_residential_Door_01/meshes/aws_Door_01_visual.DAE
[1.441s] -- Symlinking: /home/tahir/midterm_project/src/install/vehicle_description/share/vehicle_description/models/aws_robomaker_residential_Door_01/model.config
[1.447s] -- Symlinking: /home/tahir/midterm_project/src/install/vehicle_description/share/vehicle_description/models/aws_robomaker_residential_Door_01/model.sdf
[1.452s] -- Symlinking: /home/tahir/midterm_project/src/install/vehicle_description/share/vehicle_description/models/aws_robomaker_residential_Dumbbell_01/materials/textures/aws_Dumbbell_01.png
[1.457s] -- Symlinking: /home/tahir/midterm_project/src/install/vehicle_description/share/vehicle_description/models/aws_robomaker_residential_Dumbbell_01/meshes/aws_Dumbbell_01_collision.DAE
[1.462s] -- Symlinking: /home/tahir/midterm_project/src/install/vehicle_description/share/vehicle_description/models/aws_robomaker_residential_Dumbbell_01/meshes/aws_Dumbbell_01_visual.DAE
[1.468s] -- Symlinking: /home/tahir/midterm_project/src/install/vehicle_description/share/vehicle_description/models/aws_robomaker_residential_Dumbbell_01/model.config
[1.475s] -- Symlinking: /home/tahir/midterm_project/src/install/vehicle_description/share/vehicle_description/models/aws_robomaker_residential_Dumbbell_01/model.sdf
[1.481s] -- Symlinking: /home/tahir/midterm_project/src/install/vehicle_description/share/vehicle_description/models/aws_robomaker_residential_FitnessEquipment_01/materials/textures/aws_FitnessEquipment_01.png
[1.487s] -- Symlinking: /home/tahir/midterm_project/src/install/vehicle_description/share/vehicle_description/models/aws_robomaker_residential_FitnessEquipment_01/meshes/aws_FitnessEquipment_01_collision.DAE
[1.493s] -- Symlinking: /home/tahir/midterm_project/src/install/vehicle_description/share/vehicle_description/models/aws_robomaker_residential_FitnessEquipment_01/meshes/aws_FitnessEquipment_01_visual.DAE
[1.499s] -- Symlinking: /home/tahir/midterm_project/src/install/vehicle_description/share/vehicle_description/models/aws_robomaker_residential_FitnessEquipment_01/model.config
[1.505s] -- Symlinking: /home/tahir/midterm_project/src/install/vehicle_description/share/vehicle_description/models/aws_robomaker_residential_FitnessEquipment_01/model.sdf
[1.510s] -- Symlinking: /home/tahir/midterm_project/src/install/vehicle_description/share/vehicle_description/models/aws_robomaker_residential_FloorB_01/materials/textures/aws_FloorB_01.png
[1.515s] -- Symlinking: /home/tahir/midterm_project/src/install/vehicle_description/share/vehicle_description/models/aws_robomaker_residential_FloorB_01/meshes/aws_FloorB_01_collision.DAE
[1.519s] -- Symlinking: /home/tahir/midterm_project/src/install/vehicle_description/share/vehicle_description/models/aws_robomaker_residential_FloorB_01/meshes/aws_FloorB_01_visual.DAE
[1.524s] -- Symlinking: /home/tahir/midterm_project/src/install/vehicle_description/share/vehicle_description/models/aws_robomaker_residential_FloorB_01/model.config
[1.529s] -- Symlinking: /home/tahir/midterm_project/src/install/vehicle_description/share/vehicle_description/models/aws_robomaker_residential_FloorB_01/model.sdf
[1.534s] -- Symlinking: /home/tahir/midterm_project/src/install/vehicle_description/share/vehicle_description/models/aws_robomaker_residential_FoldingDoor_01/materials/textures/aws_FoldingDoor_01.png
[1.539s] -- Symlinking: /home/tahir/midterm_project/src/install/vehicle_description/share/vehicle_description/models/aws_robomaker_residential_FoldingDoor_01/meshes/aws_FoldingDoor_01_collision.DAE
[1.543s] -- Symlinking: /home/tahir/midterm_project/src/install/vehicle_description/share/vehicle_description/models/aws_robomaker_residential_FoldingDoor_01/meshes/aws_FoldingDoor_01_visual.DAE
[1.548s] -- Symlinking: /home/tahir/midterm_project/src/install/vehicle_description/share/vehicle_description/models/aws_robomaker_residential_FoldingDoor_01/model.config
[1.552s] -- Symlinking: /home/tahir/midterm_project/src/install/vehicle_description/share/vehicle_description/models/aws_robomaker_residential_FoldingDoor_01/model.sdf
[1.557s] -- Symlinking: /home/tahir/midterm_project/src/install/vehicle_description/share/vehicle_description/models/aws_robomaker_residential_FoldingDoor_02/materials/textures/aws_FoldingDoor_02.png
[1.561s] -- Symlinking: /home/tahir/midterm_project/src/install/vehicle_description/share/vehicle_description/models/aws_robomaker_residential_FoldingDoor_02/meshes/aws_FoldingDoor_02_collision.DAE
[1.566s] -- Symlinking: /home/tahir/midterm_project/src/install/vehicle_description/share/vehicle_description/models/aws_robomaker_residential_FoldingDoor_02/meshes/aws_FoldingDoor_02_visual.DAE
[1.570s] -- Symlinking: /home/tahir/midterm_project/src/install/vehicle_description/share/vehicle_description/models/aws_robomaker_residential_FoldingDoor_02/model.config
[1.574s] -- Symlinking: /home/tahir/midterm_project/src/install/vehicle_description/share/vehicle_description/models/aws_robomaker_residential_FoldingDoor_02/model.sdf
[1.579s] -- Symlinking: /home/tahir/midterm_project/src/install/vehicle_description/share/vehicle_description/models/aws_robomaker_residential_Handle_01/materials/textures/aws_Handle_01.png
[1.583s] -- Symlinking: /home/tahir/midterm_project/src/install/vehicle_description/share/vehicle_description/models/aws_robomaker_residential_Handle_01/meshes/aws_ handle_01_collision.DAE
[1.588s] -- Symlinking: /home/tahir/midterm_project/src/install/vehicle_description/share/vehicle_description/models/aws_robomaker_residential_Handle_01/meshes/aws_Handle_01_collision.DAE
[1.592s] -- Symlinking: /home/tahir/midterm_project/src/install/vehicle_description/share/vehicle_description/models/aws_robomaker_residential_Handle_01/meshes/aws_Handle_01_visual.DAE
[1.597s] -- Symlinking: /home/tahir/midterm_project/src/install/vehicle_description/share/vehicle_description/models/aws_robomaker_residential_Handle_01/model.config
[1.601s] -- Symlinking: /home/tahir/midterm_project/src/install/vehicle_description/share/vehicle_description/models/aws_robomaker_residential_Handle_01/model.sdf
[1.606s] -- Symlinking: /home/tahir/midterm_project/src/install/vehicle_description/share/vehicle_description/models/aws_robomaker_residential_HouseWallB_01/materials/textures/aws_HouseWallB_01.png
[1.610s] -- Symlinking: /home/tahir/midterm_project/src/install/vehicle_description/share/vehicle_description/models/aws_robomaker_residential_HouseWallB_01/meshes/aws_HouseWallB_01_collision.DAE
[1.615s] -- Symlinking: /home/tahir/midterm_project/src/install/vehicle_description/share/vehicle_description/models/aws_robomaker_residential_HouseWallB_01/meshes/aws_HouseWallB_01_visual.DAE
[1.619s] -- Symlinking: /home/tahir/midterm_project/src/install/vehicle_description/share/vehicle_description/models/aws_robomaker_residential_HouseWallB_01/model.config
[1.624s] -- Symlinking: /home/tahir/midterm_project/src/install/vehicle_description/share/vehicle_description/models/aws_robomaker_residential_HouseWallB_01/model.sdf
[1.629s] -- Symlinking: /home/tahir/midterm_project/src/install/vehicle_description/share/vehicle_description/models/aws_robomaker_residential_KitchenCabinet_01/materials/textures/aws_KitchenCabinet_01.png
[1.634s] -- Symlinking: /home/tahir/midterm_project/src/install/vehicle_description/share/vehicle_description/models/aws_robomaker_residential_KitchenCabinet_01/meshes/aws_KitchenCabinet_01_collision.DAE
[1.638s] -- Symlinking: /home/tahir/midterm_project/src/install/vehicle_description/share/vehicle_description/models/aws_robomaker_residential_KitchenCabinet_01/meshes/aws_KitchenCabinet_01_visual.DAE
[1.642s] -- Symlinking: /home/tahir/midterm_project/src/install/vehicle_description/share/vehicle_description/models/aws_robomaker_residential_KitchenCabinet_01/model.config
[1.647s] -- Symlinking: /home/tahir/midterm_project/src/install/vehicle_description/share/vehicle_description/models/aws_robomaker_residential_KitchenCabinet_01/model.sdf
[1.651s] -- Symlinking: /home/tahir/midterm_project/src/install/vehicle_description/share/vehicle_description/models/aws_robomaker_residential_KitchenTable_01/materials/textures/aws_KitchenTable_01.png
[1.655s] -- Symlinking: /home/tahir/midterm_project/src/install/vehicle_description/share/vehicle_description/models/aws_robomaker_residential_KitchenTable_01/meshes/aws_KitchenTable_01_collision.DAE
[1.660s] -- Symlinking: /home/tahir/midterm_project/src/install/vehicle_description/share/vehicle_description/models/aws_robomaker_residential_KitchenTable_01/meshes/aws_KitchenTable_01_visual.DAE
[1.664s] -- Symlinking: /home/tahir/midterm_project/src/install/vehicle_description/share/vehicle_description/models/aws_robomaker_residential_KitchenTable_01/model.config
[1.669s] -- Symlinking: /home/tahir/midterm_project/src/install/vehicle_description/share/vehicle_description/models/aws_robomaker_residential_KitchenTable_01/model.sdf
[1.673s] -- Symlinking: /home/tahir/midterm_project/src/install/vehicle_description/share/vehicle_description/models/aws_robomaker_residential_KitchenUtensils_01/materials/textures/aws_KitchenUtensils_01.png
[1.678s] -- Symlinking: /home/tahir/midterm_project/src/install/vehicle_description/share/vehicle_description/models/aws_robomaker_residential_KitchenUtensils_01/meshes/aws_KitchenUtensils_01_collision.DAE
[1.682s] -- Symlinking: /home/tahir/midterm_project/src/install/vehicle_description/share/vehicle_description/models/aws_robomaker_residential_KitchenUtensils_01/meshes/aws_KitchenUtensils_01_visual.DAE
[1.686s] -- Symlinking: /home/tahir/midterm_project/src/install/vehicle_description/share/vehicle_description/models/aws_robomaker_residential_KitchenUtensils_01/model.config
[1.691s] -- Symlinking: /home/tahir/midterm_project/src/install/vehicle_description/share/vehicle_description/models/aws_robomaker_residential_KitchenUtensils_01/model.sdf
[1.695s] -- Symlinking: /home/tahir/midterm_project/src/install/vehicle_description/share/vehicle_description/models/aws_robomaker_residential_LightC_01/materials/textures/aws_LightC_01.png
[1.700s] -- Symlinking: /home/tahir/midterm_project/src/install/vehicle_description/share/vehicle_description/models/aws_robomaker_residential_LightC_01/meshes/aws_LightC_01_collision.DAE
[1.704s] -- Symlinking: /home/tahir/midterm_project/src/install/vehicle_description/share/vehicle_description/models/aws_robomaker_residential_LightC_01/meshes/aws_LightC_01_visual.DAE
[1.709s] -- Symlinking: /home/tahir/midterm_project/src/install/vehicle_description/share/vehicle_description/models/aws_robomaker_residential_LightC_01/model.config
[1.713s] -- Symlinking: /home/tahir/midterm_project/src/install/vehicle_description/share/vehicle_description/models/aws_robomaker_residential_LightC_01/model.sdf
[1.718s] -- Symlinking: /home/tahir/midterm_project/src/install/vehicle_description/share/vehicle_description/models/aws_robomaker_residential_NightStand_01/materials/textures/aws_NightStand_01.png
[1.723s] -- Symlinking: /home/tahir/midterm_project/src/install/vehicle_description/share/vehicle_description/models/aws_robomaker_residential_NightStand_01/meshes/aws_NightStand_01_collision.DAE
[1.728s] -- Symlinking: /home/tahir/midterm_project/src/install/vehicle_description/share/vehicle_description/models/aws_robomaker_residential_NightStand_01/meshes/aws_NightStand_01_visual.DAE
[1.732s] -- Symlinking: /home/tahir/midterm_project/src/install/vehicle_description/share/vehicle_description/models/aws_robomaker_residential_NightStand_01/model.config
[1.737s] -- Symlinking: /home/tahir/midterm_project/src/install/vehicle_description/share/vehicle_description/models/aws_robomaker_residential_NightStand_01/model.sdf
[1.742s] -- Symlinking: /home/tahir/midterm_project/src/install/vehicle_description/share/vehicle_description/models/aws_robomaker_residential_Pillow_01/materials/textures/aws_Pillow_01.png
[1.749s] -- Symlinking: /home/tahir/midterm_project/src/install/vehicle_description/share/vehicle_description/models/aws_robomaker_residential_Pillow_01/meshes/aws_Pillow_01_collision.DAE
[1.754s] -- Symlinking: /home/tahir/midterm_project/src/install/vehicle_description/share/vehicle_description/models/aws_robomaker_residential_Pillow_01/meshes/aws_Pillow_01_visual.DAE
[1.758s] -- Symlinking: /home/tahir/midterm_project/src/install/vehicle_description/share/vehicle_description/models/aws_robomaker_residential_Pillow_01/model.config
[1.762s] -- Symlinking: /home/tahir/midterm_project/src/install/vehicle_description/share/vehicle_description/models/aws_robomaker_residential_Pillow_01/model.sdf
[1.767s] -- Symlinking: /home/tahir/midterm_project/src/install/vehicle_description/share/vehicle_description/models/aws_robomaker_residential_PortraitA_01/materials/textures/aws_PortraitA_01.png
[1.772s] -- Symlinking: /home/tahir/midterm_project/src/install/vehicle_description/share/vehicle_description/models/aws_robomaker_residential_PortraitA_01/materials/textures/aws_PortraitA_02.png
[1.778s] -- Symlinking: /home/tahir/midterm_project/src/install/vehicle_description/share/vehicle_description/models/aws_robomaker_residential_PortraitA_01/meshes/aws_PortraitA_01_collision.DAE
[1.783s] -- Symlinking: /home/tahir/midterm_project/src/install/vehicle_description/share/vehicle_description/models/aws_robomaker_residential_PortraitA_01/meshes/aws_PortraitA_01_visual.DAE
[1.790s] -- Symlinking: /home/tahir/midterm_project/src/install/vehicle_description/share/vehicle_description/models/aws_robomaker_residential_PortraitA_01/model.config
[1.797s] -- Symlinking: /home/tahir/midterm_project/src/install/vehicle_description/share/vehicle_description/models/aws_robomaker_residential_PortraitA_01/model.sdf
[1.802s] -- Symlinking: /home/tahir/midterm_project/src/install/vehicle_description/share/vehicle_description/models/aws_robomaker_residential_PortraitA_02/materials/textures/aws_PortraitA_01.png
[1.808s] -- Symlinking: /home/tahir/midterm_project/src/install/vehicle_description/share/vehicle_description/models/aws_robomaker_residential_PortraitA_02/materials/textures/aws_PortraitA_02.png
[1.812s] -- Symlinking: /home/tahir/midterm_project/src/install/vehicle_description/share/vehicle_description/models/aws_robomaker_residential_PortraitA_02/meshes/aws_PortraitA_01_collision.DAE
[1.818s] -- Symlinking: /home/tahir/midterm_project/src/install/vehicle_description/share/vehicle_description/models/aws_robomaker_residential_PortraitA_02/meshes/aws_PortraitA_01_visual.DAE
[1.822s] -- Symlinking: /home/tahir/midterm_project/src/install/vehicle_description/share/vehicle_description/models/aws_robomaker_residential_PortraitA_02/model.config
[1.829s] -- Symlinking: /home/tahir/midterm_project/src/install/vehicle_description/share/vehicle_description/models/aws_robomaker_residential_PortraitA_02/model.sdf
[1.838s] -- Symlinking: /home/tahir/midterm_project/src/install/vehicle_description/share/vehicle_description/models/aws_robomaker_residential_PortraitB_01/materials/textures/aws_PortraitB_01.png
[1.844s] -- Symlinking: /home/tahir/midterm_project/src/install/vehicle_description/share/vehicle_description/models/aws_robomaker_residential_PortraitB_01/materials/textures/aws_PortraitB_02.png
[1.848s] -- Symlinking: /home/tahir/midterm_project/src/install/vehicle_description/share/vehicle_description/models/aws_robomaker_residential_PortraitB_01/meshes/aws_PortraitB_01_collision.DAE
[1.854s] -- Symlinking: /home/tahir/midterm_project/src/install/vehicle_description/share/vehicle_description/models/aws_robomaker_residential_PortraitB_01/meshes/aws_PortraitB_01_visual.DAE
[1.858s] -- Symlinking: /home/tahir/midterm_project/src/install/vehicle_description/share/vehicle_description/models/aws_robomaker_residential_PortraitB_01/model.config
[1.864s] -- Symlinking: /home/tahir/midterm_project/src/install/vehicle_description/share/vehicle_description/models/aws_robomaker_residential_PortraitB_01/model.sdf
[1.868s] -- Symlinking: /home/tahir/midterm_project/src/install/vehicle_description/share/vehicle_description/models/aws_robomaker_residential_PortraitB_02/materials/textures/aws_PortraitB_01.png
[1.872s] -- Symlinking: /home/tahir/midterm_project/src/install/vehicle_description/share/vehicle_description/models/aws_robomaker_residential_PortraitB_02/materials/textures/aws_PortraitB_02.png
[1.877s] -- Symlinking: /home/tahir/midterm_project/src/install/vehicle_description/share/vehicle_description/models/aws_robomaker_residential_PortraitB_02/meshes/aws_PortraitB_01_collision.DAE
[1.881s] -- Symlinking: /home/tahir/midterm_project/src/install/vehicle_description/share/vehicle_description/models/aws_robomaker_residential_PortraitB_02/meshes/aws_PortraitB_01_visual.DAE
[1.885s] -- Symlinking: /home/tahir/midterm_project/src/install/vehicle_description/share/vehicle_description/models/aws_robomaker_residential_PortraitB_02/model.config
[1.890s] -- Symlinking: /home/tahir/midterm_project/src/install/vehicle_description/share/vehicle_description/models/aws_robomaker_residential_PortraitB_02/model.sdf
[1.897s] -- Symlinking: /home/tahir/midterm_project/src/install/vehicle_description/share/vehicle_description/models/aws_robomaker_residential_PortraitB_03/materials/textures/aws_PortraitB_01.png
[1.902s] -- Symlinking: /home/tahir/midterm_project/src/install/vehicle_description/share/vehicle_description/models/aws_robomaker_residential_PortraitB_03/materials/textures/aws_PortraitB_02.png
[1.906s] -- Symlinking: /home/tahir/midterm_project/src/install/vehicle_description/share/vehicle_description/models/aws_robomaker_residential_PortraitB_03/meshes/aws_PortraitB_01_collision.DAE
[1.912s] -- Symlinking: /home/tahir/midterm_project/src/install/vehicle_description/share/vehicle_description/models/aws_robomaker_residential_PortraitB_03/meshes/aws_PortraitB_01_visual.DAE
[1.919s] -- Symlinking: /home/tahir/midterm_project/src/install/vehicle_description/share/vehicle_description/models/aws_robomaker_residential_PortraitB_03/model.config
[1.925s] -- Symlinking: /home/tahir/midterm_project/src/install/vehicle_description/share/vehicle_description/models/aws_robomaker_residential_PortraitB_03/model.sdf
[1.930s] -- Symlinking: /home/tahir/midterm_project/src/install/vehicle_description/share/vehicle_description/models/aws_robomaker_residential_PortraitC_01/materials/textures/aws_PortraitC_01.png
[1.935s] -- Symlinking: /home/tahir/midterm_project/src/install/vehicle_description/share/vehicle_description/models/aws_robomaker_residential_PortraitC_01/materials/textures/aws_PortraitC_02.png
[1.939s] -- Symlinking: /home/tahir/midterm_project/src/install/vehicle_description/share/vehicle_description/models/aws_robomaker_residential_PortraitC_01/meshes/aws_PortraitC_01_collision.DAE
[1.944s] -- Symlinking: /home/tahir/midterm_project/src/install/vehicle_description/share/vehicle_description/models/aws_robomaker_residential_PortraitC_01/meshes/aws_PortraitC_01_visual.DAE
[1.948s] -- Symlinking: /home/tahir/midterm_project/src/install/vehicle_description/share/vehicle_description/models/aws_robomaker_residential_PortraitC_01/model.config
[1.953s] -- Symlinking: /home/tahir/midterm_project/src/install/vehicle_description/share/vehicle_description/models/aws_robomaker_residential_PortraitC_01/model.sdf
[1.957s] -- Symlinking: /home/tahir/midterm_project/src/install/vehicle_description/share/vehicle_description/models/aws_robomaker_residential_PortraitD_01/materials/textures/aws_PortraitD_01.png
[1.962s] -- Symlinking: /home/tahir/midterm_project/src/install/vehicle_description/share/vehicle_description/models/aws_robomaker_residential_PortraitD_01/materials/textures/aws_PortraitD_02.png
[1.966s] -- Symlinking: /home/tahir/midterm_project/src/install/vehicle_description/share/vehicle_description/models/aws_robomaker_residential_PortraitD_01/meshes/aws_PortraitD_01_collision.DAE
[1.971s] -- Symlinking: /home/tahir/midterm_project/src/install/vehicle_description/share/vehicle_description/models/aws_robomaker_residential_PortraitD_01/meshes/aws_PortraitD_01_visual.DAE
[1.975s] -- Symlinking: /home/tahir/midterm_project/src/install/vehicle_description/share/vehicle_description/models/aws_robomaker_residential_PortraitD_01/model.config
[1.980s] -- Symlinking: /home/tahir/midterm_project/src/install/vehicle_description/share/vehicle_description/models/aws_robomaker_residential_PortraitD_01/model.sdf
[1.984s] -- Symlinking: /home/tahir/midterm_project/src/install/vehicle_description/share/vehicle_description/models/aws_robomaker_residential_PortraitD_02/materials/textures/aws_PortraitD_01.png
[1.989s] -- Symlinking: /home/tahir/midterm_project/src/install/vehicle_description/share/vehicle_description/models/aws_robomaker_residential_PortraitD_02/materials/textures/aws_PortraitD_02.png
[1.993s] -- Symlinking: /home/tahir/midterm_project/src/install/vehicle_description/share/vehicle_description/models/aws_robomaker_residential_PortraitD_02/meshes/aws_PortraitD_01_collision.DAE
[1.998s] -- Symlinking: /home/tahir/midterm_project/src/install/vehicle_description/share/vehicle_description/models/aws_robomaker_residential_PortraitD_02/meshes/aws_PortraitD_01_visual.DAE
[2.002s] -- Symlinking: /home/tahir/midterm_project/src/install/vehicle_description/share/vehicle_description/models/aws_robomaker_residential_PortraitD_02/model.config
[2.009s] -- Symlinking: /home/tahir/midterm_project/src/install/vehicle_description/share/vehicle_description/models/aws_robomaker_residential_PortraitD_02/model.sdf
[2.014s] -- Symlinking: /home/tahir/midterm_project/src/install/vehicle_description/share/vehicle_description/models/aws_robomaker_residential_PortraitE_01/materials/textures/aws_PortraitE_01.png
[2.020s] -- Symlinking: /home/tahir/midterm_project/src/install/vehicle_description/share/vehicle_description/models/aws_robomaker_residential_PortraitE_01/materials/textures/aws_PortraitE_02.png
[2.025s] -- Symlinking: /home/tahir/midterm_project/src/install/vehicle_description/share/vehicle_description/models/aws_robomaker_residential_PortraitE_01/meshes/aws_PortraitE_01_collision.DAE
[2.030s] -- Symlinking: /home/tahir/midterm_project/src/install/vehicle_description/share/vehicle_description/models/aws_robomaker_residential_PortraitE_01/meshes/aws_PortraitE_01_visual.DAE
[2.035s] -- Symlinking: /home/tahir/midterm_project/src/install/vehicle_description/share/vehicle_description/models/aws_robomaker_residential_PortraitE_01/model.config
[2.039s] -- Symlinking: /home/tahir/midterm_project/src/install/vehicle_description/share/vehicle_description/models/aws_robomaker_residential_PortraitE_01/model.sdf
[2.045s] -- Symlinking: /home/tahir/midterm_project/src/install/vehicle_description/share/vehicle_description/models/aws_robomaker_residential_PortraitE_02/materials/textures/aws_PortraitE_01.png
[2.051s] -- Symlinking: /home/tahir/midterm_project/src/install/vehicle_description/share/vehicle_description/models/aws_robomaker_residential_PortraitE_02/materials/textures/aws_PortraitE_02.png
[2.056s] -- Symlinking: /home/tahir/midterm_project/src/install/vehicle_description/share/vehicle_description/models/aws_robomaker_residential_PortraitE_02/meshes/aws_PortraitE_01_collision.DAE
[2.064s] -- Symlinking: /home/tahir/midterm_project/src/install/vehicle_description/share/vehicle_description/models/aws_robomaker_residential_PortraitE_02/meshes/aws_PortraitE_01_visual.DAE
[2.070s] -- Symlinking: /home/tahir/midterm_project/src/install/vehicle_description/share/vehicle_description/models/aws_robomaker_residential_PortraitE_02/model.config
[2.075s] -- Symlinking: /home/tahir/midterm_project/src/install/vehicle_description/share/vehicle_description/models/aws_robomaker_residential_PortraitE_02/model.sdf
[2.080s] -- Symlinking: /home/tahir/midterm_project/src/install/vehicle_description/share/vehicle_description/models/aws_robomaker_residential_Quilt_01/materials/textures/aws_Quilt_01.png
[2.084s] -- Symlinking: /home/tahir/midterm_project/src/install/vehicle_description/share/vehicle_description/models/aws_robomaker_residential_Quilt_01/meshes/aws_Quilt_01_collision.DAE
[2.090s] -- Symlinking: /home/tahir/midterm_project/src/install/vehicle_description/share/vehicle_description/models/aws_robomaker_residential_Quilt_01/meshes/aws_Quilt_01_visual.DAE
[2.095s] -- Symlinking: /home/tahir/midterm_project/src/install/vehicle_description/share/vehicle_description/models/aws_robomaker_residential_Quilt_01/model.config
[2.101s] -- Symlinking: /home/tahir/midterm_project/src/install/vehicle_description/share/vehicle_description/models/aws_robomaker_residential_Quilt_01/model.sdf
[2.111s] -- Symlinking: /home/tahir/midterm_project/src/install/vehicle_description/share/vehicle_description/models/aws_robomaker_residential_Rangehood_01/materials/textures/aws_Rangehood_01.png
[2.118s] -- Symlinking: /home/tahir/midterm_project/src/install/vehicle_description/share/vehicle_description/models/aws_robomaker_residential_Rangehood_01/meshes/aws_Rangehood_01_collision.DAE
[2.127s] -- Symlinking: /home/tahir/midterm_project/src/install/vehicle_description/share/vehicle_description/models/aws_robomaker_residential_Rangehood_01/meshes/aws_Rangehood_01_visual.DAE
[2.135s] -- Symlinking: /home/tahir/midterm_project/src/install/vehicle_description/share/vehicle_description/models/aws_robomaker_residential_Rangehood_01/model.config
[2.140s] -- Symlinking: /home/tahir/midterm_project/src/install/vehicle_description/share/vehicle_description/models/aws_robomaker_residential_Rangehood_01/model.sdf
[2.145s] -- Symlinking: /home/tahir/midterm_project/src/install/vehicle_description/share/vehicle_description/models/aws_robomaker_residential_ReadingDesk_01/materials/textures/aws_ReadingDesk_01.png
[2.149s] -- Symlinking: /home/tahir/midterm_project/src/install/vehicle_description/share/vehicle_description/models/aws_robomaker_residential_ReadingDesk_01/meshes/aws_ReadingDesk_01_collision.DAE
[2.154s] -- Symlinking: /home/tahir/midterm_project/src/install/vehicle_description/share/vehicle_description/models/aws_robomaker_residential_ReadingDesk_01/meshes/aws_ReadingDesk_01_visual.DAE
[2.158s] -- Symlinking: /home/tahir/midterm_project/src/install/vehicle_description/share/vehicle_description/models/aws_robomaker_residential_ReadingDesk_01/model.config
[2.163s] -- Symlinking: /home/tahir/midterm_project/src/install/vehicle_description/share/vehicle_description/models/aws_robomaker_residential_ReadingDesk_01/model.sdf
[2.171s] -- Symlinking: /home/tahir/midterm_project/src/install/vehicle_description/share/vehicle_description/models/aws_robomaker_residential_Refrigerator_01/materials/textures/aws_Refrigerator_01.png
[2.178s] -- Symlinking: /home/tahir/midterm_project/src/install/vehicle_description/share/vehicle_description/models/aws_robomaker_residential_Refrigerator_01/materials/textures/aws_Refrigerator_02.png
[2.185s] -- Symlinking: /home/tahir/midterm_project/src/install/vehicle_description/share/vehicle_description/models/aws_robomaker_residential_Refrigerator_01/meshes/aws_Refrigerator_01.DAE
[2.191s] -- Symlinking: /home/tahir/midterm_project/src/install/vehicle_description/share/vehicle_description/models/aws_robomaker_residential_Refrigerator_01/meshes/aws_Refrigerator_01_collision.DAE
[2.198s] -- Symlinking: /home/tahir/midterm_project/src/install/vehicle_description/share/vehicle_description/models/aws_robomaker_residential_Refrigerator_01/meshes/aws_Refrigerator_01_visual.DAE
[2.205s] -- Symlinking: /home/tahir/midterm_project/src/install/vehicle_description/share/vehicle_description/models/aws_robomaker_residential_Refrigerator_01/model.config
[2.216s] -- Symlinking: /home/tahir/midterm_project/src/install/vehicle_description/share/vehicle_description/models/aws_robomaker_residential_Refrigerator_01/model.sdf
[2.226s] -- Symlinking: /home/tahir/midterm_project/src/install/vehicle_description/share/vehicle_description/models/aws_robomaker_residential_RoomCeiling_01/materials/textures/aws_RoomCeiling_01.png
[2.239s] -- Symlinking: /home/tahir/midterm_project/src/install/vehicle_description/share/vehicle_description/models/aws_robomaker_residential_RoomCeiling_01/meshes/aws_RoomCeiling_01_collision.DAE
[2.250s] -- Symlinking: /home/tahir/midterm_project/src/install/vehicle_description/share/vehicle_description/models/aws_robomaker_residential_RoomCeiling_01/meshes/aws_RoomCeiling_01_visual.DAE
[2.261s] -- Symlinking: /home/tahir/midterm_project/src/install/vehicle_description/share/vehicle_description/models/aws_robomaker_residential_RoomCeiling_01/model.config
[2.267s] -- Symlinking: /home/tahir/midterm_project/src/install/vehicle_description/share/vehicle_description/models/aws_robomaker_residential_RoomCeiling_01/model.sdf
[2.272s] -- Symlinking: /home/tahir/midterm_project/src/install/vehicle_description/share/vehicle_description/models/aws_robomaker_residential_RoomWall_01/materials/textures/aws_RoomWall_01.png
[2.279s] -- Symlinking: /home/tahir/midterm_project/src/install/vehicle_description/share/vehicle_description/models/aws_robomaker_residential_RoomWall_01/meshes/aws_RoomWall_01_collision.DAE
[2.285s] -- Symlinking: /home/tahir/midterm_project/src/install/vehicle_description/share/vehicle_description/models/aws_robomaker_residential_RoomWall_01/meshes/aws_RoomWall_01_visual.DAE
[2.295s] -- Symlinking: /home/tahir/midterm_project/src/install/vehicle_description/share/vehicle_description/models/aws_robomaker_residential_RoomWall_01/model.config
[2.306s] -- Symlinking: /home/tahir/midterm_project/src/install/vehicle_description/share/vehicle_description/models/aws_robomaker_residential_RoomWall_01/model.sdf
[2.312s] -- Symlinking: /home/tahir/midterm_project/src/install/vehicle_description/share/vehicle_description/models/aws_robomaker_residential_RoomWindow_01/materials/textures/aws_RoomWindow_01.png
[2.317s] -- Symlinking: /home/tahir/midterm_project/src/install/vehicle_description/share/vehicle_description/models/aws_robomaker_residential_RoomWindow_01/meshes/aws_RoomWindow_01_collision.DAE
[2.321s] -- Symlinking: /home/tahir/midterm_project/src/install/vehicle_description/share/vehicle_description/models/aws_robomaker_residential_RoomWindow_01/meshes/aws_RoomWindow_01_visual.DAE
[2.326s] -- Symlinking: /home/tahir/midterm_project/src/install/vehicle_description/share/vehicle_description/models/aws_robomaker_residential_RoomWindow_01/model.config
[2.331s] -- Symlinking: /home/tahir/midterm_project/src/install/vehicle_description/share/vehicle_description/models/aws_robomaker_residential_RoomWindow_01/model.sdf
[2.335s] -- Symlinking: /home/tahir/midterm_project/src/install/vehicle_description/share/vehicle_description/models/aws_robomaker_residential_SeasoningBox_01/materials/textures/aws_SeasoningBox_01.png
[2.340s] -- Symlinking: /home/tahir/midterm_project/src/install/vehicle_description/share/vehicle_description/models/aws_robomaker_residential_SeasoningBox_01/meshes/aws_SeasoningBox_01_collision.DAE
[2.345s] -- Symlinking: /home/tahir/midterm_project/src/install/vehicle_description/share/vehicle_description/models/aws_robomaker_residential_SeasoningBox_01/meshes/aws_SeasoningBox_01_visual.DAE
[2.349s] -- Symlinking: /home/tahir/midterm_project/src/install/vehicle_description/share/vehicle_description/models/aws_robomaker_residential_SeasoningBox_01/model.config
[2.353s] -- Symlinking: /home/tahir/midterm_project/src/install/vehicle_description/share/vehicle_description/models/aws_robomaker_residential_SeasoningBox_01/model.sdf
[2.358s] -- Symlinking: /home/tahir/midterm_project/src/install/vehicle_description/share/vehicle_description/models/aws_robomaker_residential_SecurityCamera_01/materials/textures/aws_SecurityCamera_01.png
[2.362s] -- Symlinking: /home/tahir/midterm_project/src/install/vehicle_description/share/vehicle_description/models/aws_robomaker_residential_SecurityCamera_01/meshes/aws_SecurityCamera_01_collision.DAE
[2.366s] -- Symlinking: /home/tahir/midterm_project/src/install/vehicle_description/share/vehicle_description/models/aws_robomaker_residential_SecurityCamera_01/meshes/aws_SecurityCamera_01_visual.DAE
[2.371s] -- Symlinking: /home/tahir/midterm_project/src/install/vehicle_description/share/vehicle_description/models/aws_robomaker_residential_SecurityCamera_01/model.config
[2.375s] -- Symlinking: /home/tahir/midterm_project/src/install/vehicle_description/share/vehicle_description/models/aws_robomaker_residential_SecurityCamera_01/model.sdf
[2.380s] -- Symlinking: /home/tahir/midterm_project/src/install/vehicle_description/share/vehicle_description/models/aws_robomaker_residential_ShoeRack_01/materials/textures/aws_ShoeRack_01.png
[2.384s] -- Symlinking: /home/tahir/midterm_project/src/install/vehicle_description/share/vehicle_description/models/aws_robomaker_residential_ShoeRack_01/meshes/aws_ShoeRack_01_collision.DAE
[2.388s] -- Symlinking: /home/tahir/midterm_project/src/install/vehicle_description/share/vehicle_description/models/aws_robomaker_residential_ShoeRack_01/meshes/aws_ShoeRack_01_visual.DAE
[2.393s] -- Symlinking: /home/tahir/midterm_project/src/install/vehicle_description/share/vehicle_description/models/aws_robomaker_residential_ShoeRack_01/model.config
[2.398s] -- Symlinking: /home/tahir/midterm_project/src/install/vehicle_description/share/vehicle_description/models/aws_robomaker_residential_ShoeRack_01/model.sdf
[2.403s] -- Symlinking: /home/tahir/midterm_project/src/install/vehicle_description/share/vehicle_description/models/aws_robomaker_residential_SofaB_01/materials/textures/aws_SofaB_01.png
[2.408s] -- Symlinking: /home/tahir/midterm_project/src/install/vehicle_description/share/vehicle_description/models/aws_robomaker_residential_SofaB_01/meshes/aws_SofaB_01_collision.DAE
[2.412s] -- Symlinking: /home/tahir/midterm_project/src/install/vehicle_description/share/vehicle_description/models/aws_robomaker_residential_SofaB_01/meshes/aws_SofaB_01_visual.DAE
[2.417s] -- Symlinking: /home/tahir/midterm_project/src/install/vehicle_description/share/vehicle_description/models/aws_robomaker_residential_SofaB_01/model.config
[2.421s] -- Symlinking: /home/tahir/midterm_project/src/install/vehicle_description/share/vehicle_description/models/aws_robomaker_residential_SofaB_01/model.sdf
[2.427s] -- Symlinking: /home/tahir/midterm_project/src/install/vehicle_description/share/vehicle_description/models/aws_robomaker_residential_SofaC_01/materials/textures/aws_SofaC_01.png
[2.435s] -- Symlinking: /home/tahir/midterm_project/src/install/vehicle_description/share/vehicle_description/models/aws_robomaker_residential_SofaC_01/meshes/aws_SofaC_01_collision.DAE
[2.443s] -- Symlinking: /home/tahir/midterm_project/src/install/vehicle_description/share/vehicle_description/models/aws_robomaker_residential_SofaC_01/meshes/aws_SofaC_01_visual.DAE
[2.454s] -- Symlinking: /home/tahir/midterm_project/src/install/vehicle_description/share/vehicle_description/models/aws_robomaker_residential_SofaC_01/model.config
[2.465s] -- Symlinking: /home/tahir/midterm_project/src/install/vehicle_description/share/vehicle_description/models/aws_robomaker_residential_SofaC_01/model.sdf
[2.474s] -- Symlinking: /home/tahir/midterm_project/src/install/vehicle_description/share/vehicle_description/models/aws_robomaker_residential_Sofa_01/materials/textures/aws_Sofa_01.png
[2.479s] -- Symlinking: /home/tahir/midterm_project/src/install/vehicle_description/share/vehicle_description/models/aws_robomaker_residential_Sofa_01/meshes/aws_Sofa_01.DAE
[2.483s] -- Symlinking: /home/tahir/midterm_project/src/install/vehicle_description/share/vehicle_description/models/aws_robomaker_residential_Sofa_01/meshes/aws_Sofa_01_collision.DAE
[2.489s] -- Symlinking: /home/tahir/midterm_project/src/install/vehicle_description/share/vehicle_description/models/aws_robomaker_residential_Sofa_01/meshes/aws_Sofa_01_visual.DAE
[2.496s] -- Symlinking: /home/tahir/midterm_project/src/install/vehicle_description/share/vehicle_description/models/aws_robomaker_residential_Sofa_01/model.config
[2.501s] -- Symlinking: /home/tahir/midterm_project/src/install/vehicle_description/share/vehicle_description/models/aws_robomaker_residential_Sofa_01/model.sdf
[2.505s] -- Symlinking: /home/tahir/midterm_project/src/install/vehicle_description/share/vehicle_description/models/aws_robomaker_residential_TVCabinet_01/materials/textures/aws_TVCabinet_01.png
[2.511s] -- Symlinking: /home/tahir/midterm_project/src/install/vehicle_description/share/vehicle_description/models/aws_robomaker_residential_TVCabinet_01/meshes/aws_TVCabinet_01_collision.DAE
[2.516s] -- Symlinking: /home/tahir/midterm_project/src/install/vehicle_description/share/vehicle_description/models/aws_robomaker_residential_TVCabinet_01/meshes/aws_TVCabinet_01_visual.DAE
[2.521s] -- Symlinking: /home/tahir/midterm_project/src/install/vehicle_description/share/vehicle_description/models/aws_robomaker_residential_TVCabinet_01/model.config
[2.525s] -- Symlinking: /home/tahir/midterm_project/src/install/vehicle_description/share/vehicle_description/models/aws_robomaker_residential_TVCabinet_01/model.sdf
[2.531s] -- Symlinking: /home/tahir/midterm_project/src/install/vehicle_description/share/vehicle_description/models/aws_robomaker_residential_TV_01/materials/textures/aws_TV_01.png
[2.535s] -- Symlinking: /home/tahir/midterm_project/src/install/vehicle_description/share/vehicle_description/models/aws_robomaker_residential_TV_01/meshes/aws_TV_01_collision.DAE
[2.540s] -- Symlinking: /home/tahir/midterm_project/src/install/vehicle_description/share/vehicle_description/models/aws_robomaker_residential_TV_01/meshes/aws_TV_01_visual.DAE
[2.545s] -- Symlinking: /home/tahir/midterm_project/src/install/vehicle_description/share/vehicle_description/models/aws_robomaker_residential_TV_01/model.config
[2.549s] -- Symlinking: /home/tahir/midterm_project/src/install/vehicle_description/share/vehicle_description/models/aws_robomaker_residential_TV_01/model.sdf
[2.554s] -- Symlinking: /home/tahir/midterm_project/src/install/vehicle_description/share/vehicle_description/models/aws_robomaker_residential_TV_02/materials/textures/aws_TV_01.png
[2.558s] -- Symlinking: /home/tahir/midterm_project/src/install/vehicle_description/share/vehicle_description/models/aws_robomaker_residential_TV_02/meshes/aws_TV_01_collision.DAE
[2.562s] -- Symlinking: /home/tahir/midterm_project/src/install/vehicle_description/share/vehicle_description/models/aws_robomaker_residential_TV_02/meshes/aws_TV_01_visual.DAE
[2.567s] -- Symlinking: /home/tahir/midterm_project/src/install/vehicle_description/share/vehicle_description/models/aws_robomaker_residential_TV_02/model.config
[2.571s] -- Symlinking: /home/tahir/midterm_project/src/install/vehicle_description/share/vehicle_description/models/aws_robomaker_residential_TV_02/model.sdf
[2.576s] -- Symlinking: /home/tahir/midterm_project/src/install/vehicle_description/share/vehicle_description/models/aws_robomaker_residential_Tablet_01/materials/textures/aws_Tablet_01_nologo.png
[2.580s] -- Symlinking: /home/tahir/midterm_project/src/install/vehicle_description/share/vehicle_description/models/aws_robomaker_residential_Tablet_01/meshes/aws_Tablet_01_collision.DAE
[2.585s] -- Symlinking: /home/tahir/midterm_project/src/install/vehicle_description/share/vehicle_description/models/aws_robomaker_residential_Tablet_01/meshes/aws_Tablet_01_visual.DAE
[2.589s] -- Symlinking: /home/tahir/midterm_project/src/install/vehicle_description/share/vehicle_description/models/aws_robomaker_residential_Tablet_01/model.config
[2.594s] -- Symlinking: /home/tahir/midterm_project/src/install/vehicle_description/share/vehicle_description/models/aws_robomaker_residential_Tablet_01/model.sdf
[2.601s] -- Symlinking: /home/tahir/midterm_project/src/install/vehicle_description/share/vehicle_description/models/aws_robomaker_residential_Tableware_01/materials/textures/aws_Tableware_01.png
[2.607s] -- Symlinking: /home/tahir/midterm_project/src/install/vehicle_description/share/vehicle_description/models/aws_robomaker_residential_Tableware_01/meshes/aws_Tableware_01_collision.DAE
[2.611s] -- Symlinking: /home/tahir/midterm_project/src/install/vehicle_description/share/vehicle_description/models/aws_robomaker_residential_Tableware_01/meshes/aws_Tableware_01_visual.DAE
[2.618s] -- Symlinking: /home/tahir/midterm_project/src/install/vehicle_description/share/vehicle_description/models/aws_robomaker_residential_Tableware_01/model.config
[2.626s] -- Symlinking: /home/tahir/midterm_project/src/install/vehicle_description/share/vehicle_description/models/aws_robomaker_residential_Tableware_01/model.sdf
[2.633s] -- Symlinking: /home/tahir/midterm_project/src/install/vehicle_description/share/vehicle_description/models/aws_robomaker_residential_Trash_01/materials/textures/aws_Trash_01.png
[2.637s] -- Symlinking: /home/tahir/midterm_project/src/install/vehicle_description/share/vehicle_description/models/aws_robomaker_residential_Trash_01/meshes/aws_Trash_01_collision.DAE
[2.642s] -- Symlinking: /home/tahir/midterm_project/src/install/vehicle_description/share/vehicle_description/models/aws_robomaker_residential_Trash_01/meshes/aws_Trash_01_visual.DAE
[2.646s] -- Symlinking: /home/tahir/midterm_project/src/install/vehicle_description/share/vehicle_description/models/aws_robomaker_residential_Trash_01/model.config
[2.652s] -- Symlinking: /home/tahir/midterm_project/src/install/vehicle_description/share/vehicle_description/models/aws_robomaker_residential_Trash_01/model.sdf
[2.656s] -- Symlinking: /home/tahir/midterm_project/src/install/vehicle_description/share/vehicle_description/models/aws_robomaker_residential_Vase_01/materials/textures/aws_Vase_01.png
[2.661s] -- Symlinking: /home/tahir/midterm_project/src/install/vehicle_description/share/vehicle_description/models/aws_robomaker_residential_Vase_01/meshes/aws_Vase_01_collision.DAE
[2.665s] -- Symlinking: /home/tahir/midterm_project/src/install/vehicle_description/share/vehicle_description/models/aws_robomaker_residential_Vase_01/meshes/aws_Vase_01_visual.DAE
[2.671s] -- Symlinking: /home/tahir/midterm_project/src/install/vehicle_description/share/vehicle_description/models/aws_robomaker_residential_Vase_01/model.config
[2.675s] -- Symlinking: /home/tahir/midterm_project/src/install/vehicle_description/share/vehicle_description/models/aws_robomaker_residential_Vase_01/model.sdf
[2.680s] -- Symlinking: /home/tahir/midterm_project/src/install/vehicle_description/share/vehicle_description/models/aws_robomaker_residential_Wardrobe_01/materials/textures/aws_Wardrobe_01.png
[2.686s] -- Symlinking: /home/tahir/midterm_project/src/install/vehicle_description/share/vehicle_description/models/aws_robomaker_residential_Wardrobe_01/meshes/aws_Wardrobe_01_collision.DAE
[2.691s] -- Symlinking: /home/tahir/midterm_project/src/install/vehicle_description/share/vehicle_description/models/aws_robomaker_residential_Wardrobe_01/meshes/aws_Wardrobe_01_visual.DAE
[2.695s] -- Symlinking: /home/tahir/midterm_project/src/install/vehicle_description/share/vehicle_description/models/aws_robomaker_residential_Wardrobe_01/model.config
[2.700s] -- Symlinking: /home/tahir/midterm_project/src/install/vehicle_description/share/vehicle_description/models/aws_robomaker_residential_Wardrobe_01/model.sdf
[2.704s] -- Symlinking: /home/tahir/midterm_project/src/install/vehicle_description/share/vehicle_description/models/aws_robomaker_warehouse_Bucket_01/.DS_Store
[2.709s] -- Symlinking: /home/tahir/midterm_project/src/install/vehicle_description/share/vehicle_description/models/aws_robomaker_warehouse_Bucket_01/materials/.DS_Store
[2.714s] -- Symlinking: /home/tahir/midterm_project/src/install/vehicle_description/share/vehicle_description/models/aws_robomaker_warehouse_Bucket_01/materials/textures/aws_robomaker_warehouse_Bucket_01.png
[2.718s] -- Symlinking: /home/tahir/midterm_project/src/install/vehicle_description/share/vehicle_description/models/aws_robomaker_warehouse_Bucket_01/meshes/aws_robomaker_warehouse_Bucket_01_collision.DAE
[2.723s] -- Symlinking: /home/tahir/midterm_project/src/install/vehicle_description/share/vehicle_description/models/aws_robomaker_warehouse_Bucket_01/meshes/aws_robomaker_warehouse_Bucket_01_visual.DAE
[2.730s] -- Symlinking: /home/tahir/midterm_project/src/install/vehicle_description/share/vehicle_description/models/aws_robomaker_warehouse_Bucket_01/model.config
[2.737s] -- Symlinking: /home/tahir/midterm_project/src/install/vehicle_description/share/vehicle_description/models/aws_robomaker_warehouse_Bucket_01/model.sdf
[2.744s] -- Symlinking: /home/tahir/midterm_project/src/install/vehicle_description/share/vehicle_description/models/aws_robomaker_warehouse_ClutteringA_01/.DS_Store
[2.749s] -- Symlinking: /home/tahir/midterm_project/src/install/vehicle_description/share/vehicle_description/models/aws_robomaker_warehouse_ClutteringA_01/materials/.DS_Store
[2.754s] -- Symlinking: /home/tahir/midterm_project/src/install/vehicle_description/share/vehicle_description/models/aws_robomaker_warehouse_ClutteringA_01/materials/textures/.DS_Store
[2.758s] -- Symlinking: /home/tahir/midterm_project/src/install/vehicle_description/share/vehicle_description/models/aws_robomaker_warehouse_ClutteringA_01/materials/textures/aws_robomaker_warehouse_ClutteringA_01.png
[2.762s] -- Symlinking: /home/tahir/midterm_project/src/install/vehicle_description/share/vehicle_description/models/aws_robomaker_warehouse_ClutteringA_01/materials/textures/aws_robomaker_warehouse_ClutteringA_02.png
[2.768s] -- Symlinking: /home/tahir/midterm_project/src/install/vehicle_description/share/vehicle_description/models/aws_robomaker_warehouse_ClutteringA_01/materials/textures/aws_robomaker_warehouse_ClutteringA_03.png
[2.775s] -- Symlinking: /home/tahir/midterm_project/src/install/vehicle_description/share/vehicle_description/models/aws_robomaker_warehouse_ClutteringA_01/meshes/aws_robomaker_warehouse_ClutteringA_01_collision.DAE
[2.780s] -- Symlinking: /home/tahir/midterm_project/src/install/vehicle_description/share/vehicle_description/models/aws_robomaker_warehouse_ClutteringA_01/meshes/aws_robomaker_warehouse_ClutteringA_01_visual.DAE
[2.784s] -- Symlinking: /home/tahir/midterm_project/src/install/vehicle_description/share/vehicle_description/models/aws_robomaker_warehouse_ClutteringA_01/model.config
[2.789s] -- Symlinking: /home/tahir/midterm_project/src/install/vehicle_description/share/vehicle_description/models/aws_robomaker_warehouse_ClutteringA_01/model.sdf
[2.793s] -- Symlinking: /home/tahir/midterm_project/src/install/vehicle_description/share/vehicle_description/models/aws_robomaker_warehouse_ClutteringC_01/materials/textures/aws_robomaker_warehouse_ClutteringC_01.png
[2.799s] -- Symlinking: /home/tahir/midterm_project/src/install/vehicle_description/share/vehicle_description/models/aws_robomaker_warehouse_ClutteringC_01/materials/textures/aws_robomaker_warehouse_ClutteringC_02.png
[2.804s] -- Symlinking: /home/tahir/midterm_project/src/install/vehicle_description/share/vehicle_description/models/aws_robomaker_warehouse_ClutteringC_01/meshes/aws_robomaker_warehouse_ClutteringC_01_collision.DAE
[2.809s] -- Symlinking: /home/tahir/midterm_project/src/install/vehicle_description/share/vehicle_description/models/aws_robomaker_warehouse_ClutteringC_01/meshes/aws_robomaker_warehouse_ClutteringC_01_visual.DAE
[2.818s] -- Symlinking: /home/tahir/midterm_project/src/install/vehicle_description/share/vehicle_description/models/aws_robomaker_warehouse_ClutteringC_01/model.config
[2.826s] -- Symlinking: /home/tahir/midterm_project/src/install/vehicle_description/share/vehicle_description/models/aws_robomaker_warehouse_ClutteringC_01/model.sdf
[2.836s] -- Symlinking: /home/tahir/midterm_project/src/install/vehicle_description/share/vehicle_description/models/aws_robomaker_warehouse_ClutteringD_01/materials/textures/aws_robomaker_warehouse_ClutteringD_01.png
[2.847s] -- Symlinking: /home/tahir/midterm_project/src/install/vehicle_description/share/vehicle_description/models/aws_robomaker_warehouse_ClutteringD_01/materials/textures/aws_robomaker_warehouse_ClutteringD_02.png
[2.858s] -- Symlinking: /home/tahir/midterm_project/src/install/vehicle_description/share/vehicle_description/models/aws_robomaker_warehouse_ClutteringD_01/meshes/aws_robomaker_warehouse_ClutteringD_01_collision.DAE
[2.868s] -- Symlinking: /home/tahir/midterm_project/src/install/vehicle_description/share/vehicle_description/models/aws_robomaker_warehouse_ClutteringD_01/meshes/aws_robomaker_warehouse_ClutteringD_01_visual.DAE
[2.879s] -- Symlinking: /home/tahir/midterm_project/src/install/vehicle_description/share/vehicle_description/models/aws_robomaker_warehouse_ClutteringD_01/model.config
[2.891s] -- Symlinking: /home/tahir/midterm_project/src/install/vehicle_description/share/vehicle_description/models/aws_robomaker_warehouse_ClutteringD_01/model.sdf
[2.902s] -- Symlinking: /home/tahir/midterm_project/src/install/vehicle_description/share/vehicle_description/models/aws_robomaker_warehouse_DeskC_01/materials/.DS_Store
[2.910s] -- Symlinking: /home/tahir/midterm_project/src/install/vehicle_description/share/vehicle_description/models/aws_robomaker_warehouse_DeskC_01/materials/textures/aws_robomaker_warehouse_DeskC_01.png
[2.915s] -- Symlinking: /home/tahir/midterm_project/src/install/vehicle_description/share/vehicle_description/models/aws_robomaker_warehouse_DeskC_01/materials/textures/aws_robomaker_warehouse_DeskC_02.png
[2.924s] -- Symlinking: /home/tahir/midterm_project/src/install/vehicle_description/share/vehicle_description/models/aws_robomaker_warehouse_DeskC_01/materials/textures/aws_robomaker_warehouse_DeskC_03.png
[2.933s] -- Symlinking: /home/tahir/midterm_project/src/install/vehicle_description/share/vehicle_description/models/aws_robomaker_warehouse_DeskC_01/materials/textures/aws_robomaker_warehouse_DeskC_03.psd
[2.939s] -- Symlinking: /home/tahir/midterm_project/src/install/vehicle_description/share/vehicle_description/models/aws_robomaker_warehouse_DeskC_01/materials/textures/aws_robomaker_warehouse_DeskC_04.png
[2.947s] -- Symlinking: /home/tahir/midterm_project/src/install/vehicle_description/share/vehicle_description/models/aws_robomaker_warehouse_DeskC_01/meshes/aws_robomaker_warehouse_DeskC_01_collision.DAE
[2.952s] -- Symlinking: /home/tahir/midterm_project/src/install/vehicle_description/share/vehicle_description/models/aws_robomaker_warehouse_DeskC_01/meshes/aws_robomaker_warehouse_DeskC_01_visual.DAE
[2.957s] -- Symlinking: /home/tahir/midterm_project/src/install/vehicle_description/share/vehicle_description/models/aws_robomaker_warehouse_DeskC_01/model.config
[2.961s] -- Symlinking: /home/tahir/midterm_project/src/install/vehicle_description/share/vehicle_description/models/aws_robomaker_warehouse_DeskC_01/model.sdf
[2.965s] -- Symlinking: /home/tahir/midterm_project/src/install/vehicle_description/share/vehicle_description/models/aws_robomaker_warehouse_GroundB_01/materials/textures/aws_robomaker_warehouse_GroundB_01.png
[2.970s] -- Symlinking: /home/tahir/midterm_project/src/install/vehicle_description/share/vehicle_description/models/aws_robomaker_warehouse_GroundB_01/materials/textures/aws_robomaker_warehouse_GroundB_02.png
[2.975s] -- Symlinking: /home/tahir/midterm_project/src/install/vehicle_description/share/vehicle_description/models/aws_robomaker_warehouse_GroundB_01/meshes/aws_robomaker_warehouse_GroundB_01_collision.DAE
[2.980s] -- Symlinking: /home/tahir/midterm_project/src/install/vehicle_description/share/vehicle_description/models/aws_robomaker_warehouse_GroundB_01/meshes/aws_robomaker_warehouse_GroundB_01_visual.DAE
[2.987s] -- Symlinking: /home/tahir/midterm_project/src/install/vehicle_description/share/vehicle_description/models/aws_robomaker_warehouse_GroundB_01/model.config
[2.992s] -- Symlinking: /home/tahir/midterm_project/src/install/vehicle_description/share/vehicle_description/models/aws_robomaker_warehouse_GroundB_01/model.sdf
[2.997s] -- Symlinking: /home/tahir/midterm_project/src/install/vehicle_description/share/vehicle_description/models/aws_robomaker_warehouse_Lamp_01/materials/textures/aws_robomaker_warehouse_Lamp_01.png
[3.002s] -- Symlinking: /home/tahir/midterm_project/src/install/vehicle_description/share/vehicle_description/models/aws_robomaker_warehouse_Lamp_01/meshes/aws_robomaker_warehouse_Lamp_01_collision.DAE
[3.010s] -- Symlinking: /home/tahir/midterm_project/src/install/vehicle_description/share/vehicle_description/models/aws_robomaker_warehouse_Lamp_01/meshes/aws_robomaker_warehouse_Lamp_01_visual.DAE
[3.015s] -- Symlinking: /home/tahir/midterm_project/src/install/vehicle_description/share/vehicle_description/models/aws_robomaker_warehouse_Lamp_01/model.config
[3.020s] -- Symlinking: /home/tahir/midterm_project/src/install/vehicle_description/share/vehicle_description/models/aws_robomaker_warehouse_Lamp_01/model.sdf
[3.024s] -- Symlinking: /home/tahir/midterm_project/src/install/vehicle_description/share/vehicle_description/models/aws_robomaker_warehouse_PalletJackB_01/.DS_Store
[3.029s] -- Symlinking: /home/tahir/midterm_project/src/install/vehicle_description/share/vehicle_description/models/aws_robomaker_warehouse_PalletJackB_01/materials/.DS_Store
[3.034s] -- Symlinking: /home/tahir/midterm_project/src/install/vehicle_description/share/vehicle_description/models/aws_robomaker_warehouse_PalletJackB_01/materials/textures/aws_robomaker_warehouse_PalletJackB_01.png
[3.040s] -- Symlinking: /home/tahir/midterm_project/src/install/vehicle_description/share/vehicle_description/models/aws_robomaker_warehouse_PalletJackB_01/materials/textures/aws_robomaker_warehouse_PalletJackB_02.png
[3.045s] -- Symlinking: /home/tahir/midterm_project/src/install/vehicle_description/share/vehicle_description/models/aws_robomaker_warehouse_PalletJackB_01/meshes/aws_robomaker_warehouse_PalletJackB_01_collision.DAE
[3.050s] -- Symlinking: /home/tahir/midterm_project/src/install/vehicle_description/share/vehicle_description/models/aws_robomaker_warehouse_PalletJackB_01/meshes/aws_robomaker_warehouse_PalletJackB_01_visual.DAE
[3.055s] -- Symlinking: /home/tahir/midterm_project/src/install/vehicle_description/share/vehicle_description/models/aws_robomaker_warehouse_PalletJackB_01/model.config
[3.059s] -- Symlinking: /home/tahir/midterm_project/src/install/vehicle_description/share/vehicle_description/models/aws_robomaker_warehouse_PalletJackB_01/model.sdf
[3.064s] -- Symlinking: /home/tahir/midterm_project/src/install/vehicle_description/share/vehicle_description/models/aws_robomaker_warehouse_RoofB_01/materials/textures/aws_robomaker_warehouse_RoofB_01.png
[3.068s] -- Symlinking: /home/tahir/midterm_project/src/install/vehicle_description/share/vehicle_description/models/aws_robomaker_warehouse_RoofB_01/meshes/aws_robomaker_warehouse_RoofB_01_collision.DAE
[3.073s] -- Symlinking: /home/tahir/midterm_project/src/install/vehicle_description/share/vehicle_description/models/aws_robomaker_warehouse_RoofB_01/meshes/aws_robomaker_warehouse_RoofB_01_visual.DAE
[3.077s] -- Symlinking: /home/tahir/midterm_project/src/install/vehicle_description/share/vehicle_description/models/aws_robomaker_warehouse_RoofB_01/model.config
[3.083s] -- Symlinking: /home/tahir/midterm_project/src/install/vehicle_description/share/vehicle_description/models/aws_robomaker_warehouse_RoofB_01/model.sdf
[3.087s] -- Symlinking: /home/tahir/midterm_project/src/install/vehicle_description/share/vehicle_description/models/aws_robomaker_warehouse_ShelfD_01/materials/textures/aws_robomaker_warehouse_ShelfD_01.png
[3.093s] -- Symlinking: /home/tahir/midterm_project/src/install/vehicle_description/share/vehicle_description/models/aws_robomaker_warehouse_ShelfD_01/materials/textures/aws_robomaker_warehouse_ShelfD_02.png
[3.104s] -- Symlinking: /home/tahir/midterm_project/src/install/vehicle_description/share/vehicle_description/models/aws_robomaker_warehouse_ShelfD_01/materials/textures/aws_robomaker_warehouse_ShelfD_03.png
[3.115s] -- Symlinking: /home/tahir/midterm_project/src/install/vehicle_description/share/vehicle_description/models/aws_robomaker_warehouse_ShelfD_01/materials/textures/aws_robomaker_warehouse_ShelfD_04.png
[3.127s] -- Symlinking: /home/tahir/midterm_project/src/install/vehicle_description/share/vehicle_description/models/aws_robomaker_warehouse_ShelfD_01/meshes/aws_robomaker_warehouse_ShelfD_01_collision.DAE
[3.137s] -- Symlinking: /home/tahir/midterm_project/src/install/vehicle_description/share/vehicle_description/models/aws_robomaker_warehouse_ShelfD_01/meshes/aws_robomaker_warehouse_ShelfD_01_visual.DAE
[3.147s] -- Symlinking: /home/tahir/midterm_project/src/install/vehicle_description/share/vehicle_description/models/aws_robomaker_warehouse_ShelfD_01/model.config
[3.153s] -- Symlinking: /home/tahir/midterm_project/src/install/vehicle_description/share/vehicle_description/models/aws_robomaker_warehouse_ShelfD_01/model.sdf
[3.162s] -- Symlinking: /home/tahir/midterm_project/src/install/vehicle_description/share/vehicle_description/models/aws_robomaker_warehouse_ShelfE_01/.DS_Store
[3.169s] -- Symlinking: /home/tahir/midterm_project/src/install/vehicle_description/share/vehicle_description/models/aws_robomaker_warehouse_ShelfE_01/materials/.DS_Store
[3.176s] -- Symlinking: /home/tahir/midterm_project/src/install/vehicle_description/share/vehicle_description/models/aws_robomaker_warehouse_ShelfE_01/materials/textures/aws_robomaker_warehouse_ShelfE_01.png
[3.181s] -- Symlinking: /home/tahir/midterm_project/src/install/vehicle_description/share/vehicle_description/models/aws_robomaker_warehouse_ShelfE_01/materials/textures/aws_robomaker_warehouse_ShelfE_02.png
[3.186s] -- Symlinking: /home/tahir/midterm_project/src/install/vehicle_description/share/vehicle_description/models/aws_robomaker_warehouse_ShelfE_01/materials/textures/aws_robomaker_warehouse_ShelfE_03.png
[3.190s] -- Symlinking: /home/tahir/midterm_project/src/install/vehicle_description/share/vehicle_description/models/aws_robomaker_warehouse_ShelfE_01/materials/textures/aws_robomaker_warehouse_ShelfE_04.png
[3.195s] -- Symlinking: /home/tahir/midterm_project/src/install/vehicle_description/share/vehicle_description/models/aws_robomaker_warehouse_ShelfE_01/meshes/aws_robomaker_warehouse_ShelfE_01_collision.DAE
[3.199s] -- Symlinking: /home/tahir/midterm_project/src/install/vehicle_description/share/vehicle_description/models/aws_robomaker_warehouse_ShelfE_01/meshes/aws_robomaker_warehouse_ShelfE_01_visual.DAE
[3.204s] -- Symlinking: /home/tahir/midterm_project/src/install/vehicle_description/share/vehicle_description/models/aws_robomaker_warehouse_ShelfE_01/model.config
[3.209s] -- Symlinking: /home/tahir/midterm_project/src/install/vehicle_description/share/vehicle_description/models/aws_robomaker_warehouse_ShelfE_01/model.sdf
[3.216s] -- Symlinking: /home/tahir/midterm_project/src/install/vehicle_description/share/vehicle_description/models/aws_robomaker_warehouse_ShelfF_01/materials/textures/aws_robomaker_warehouse_ShelfF_01.png
[3.221s] -- Symlinking: /home/tahir/midterm_project/src/install/vehicle_description/share/vehicle_description/models/aws_robomaker_warehouse_ShelfF_01/materials/textures/aws_robomaker_warehouse_ShelfF_02.png
[3.226s] -- Symlinking: /home/tahir/midterm_project/src/install/vehicle_description/share/vehicle_description/models/aws_robomaker_warehouse_ShelfF_01/materials/textures/aws_robomaker_warehouse_ShelfF_03.png
[3.232s] -- Symlinking: /home/tahir/midterm_project/src/install/vehicle_description/share/vehicle_description/models/aws_robomaker_warehouse_ShelfF_01/meshes/aws_robomaker_warehouse_ShelfF_01_collision.DAE
[3.238s] -- Symlinking: /home/tahir/midterm_project/src/install/vehicle_description/share/vehicle_description/models/aws_robomaker_warehouse_ShelfF_01/meshes/aws_robomaker_warehouse_ShelfF_01_visual.DAE
[3.244s] -- Symlinking: /home/tahir/midterm_project/src/install/vehicle_description/share/vehicle_description/models/aws_robomaker_warehouse_ShelfF_01/model.config
[3.248s] -- Symlinking: /home/tahir/midterm_project/src/install/vehicle_description/share/vehicle_description/models/aws_robomaker_warehouse_ShelfF_01/model.sdf
[3.253s] -- Symlinking: /home/tahir/midterm_project/src/install/vehicle_description/share/vehicle_description/models/aws_robomaker_warehouse_TrashCanC_01/materials/textures/aws_robomaker_warehouse_TrashCanC_01.png
[3.257s] -- Symlinking: /home/tahir/midterm_project/src/install/vehicle_description/share/vehicle_description/models/aws_robomaker_warehouse_TrashCanC_01/meshes/aws_robomaker_warehouse_TrashCanC_01_collision.DAE
[3.262s] -- Symlinking: /home/tahir/midterm_project/src/install/vehicle_description/share/vehicle_description/models/aws_robomaker_warehouse_TrashCanC_01/meshes/aws_robomaker_warehouse_TrashCanC_01_visual.DAE
[3.266s] -- Symlinking: /home/tahir/midterm_project/src/install/vehicle_description/share/vehicle_description/models/aws_robomaker_warehouse_TrashCanC_01/model.config
[3.271s] -- Symlinking: /home/tahir/midterm_project/src/install/vehicle_description/share/vehicle_description/models/aws_robomaker_warehouse_TrashCanC_01/model.sdf
[3.276s] -- Symlinking: /home/tahir/midterm_project/src/install/vehicle_description/share/vehicle_description/models/aws_robomaker_warehouse_WallB_01/materials/textures/aws_robomaker_warehouse_WallB_01.png
[3.284s] -- Symlinking: /home/tahir/midterm_project/src/install/vehicle_description/share/vehicle_description/models/aws_robomaker_warehouse_WallB_01/meshes/aws_robomaker_warehouse_WallB_01_collision.DAE
[3.289s] -- Symlinking: /home/tahir/midterm_project/src/install/vehicle_description/share/vehicle_description/models/aws_robomaker_warehouse_WallB_01/meshes/aws_robomaker_warehouse_WallB_01_visual.DAE
[3.295s] -- Symlinking: /home/tahir/midterm_project/src/install/vehicle_description/share/vehicle_description/models/aws_robomaker_warehouse_WallB_01/model.config
[3.300s] -- Symlinking: /home/tahir/midterm_project/src/install/vehicle_description/share/vehicle_description/models/aws_robomaker_warehouse_WallB_01/model.sdf
[3.307s] -- Symlinking: /home/tahir/midterm_project/src/install/vehicle_description/share/vehicle_description/photos/DeskPortraitA_01.jpg
[3.317s] -- Symlinking: /home/tahir/midterm_project/src/install/vehicle_description/share/vehicle_description/photos/DeskPortraitA_02.jpg
[3.324s] -- Symlinking: /home/tahir/midterm_project/src/install/vehicle_description/share/vehicle_description/photos/DeskPortraitB_01.jpg
[3.330s] -- Symlinking: /home/tahir/midterm_project/src/install/vehicle_description/share/vehicle_description/photos/DeskPortraitB_02.jpg
[3.337s] -- Symlinking: /home/tahir/midterm_project/src/install/vehicle_description/share/vehicle_description/photos/DeskPortraitC_01.jpg
[3.347s] -- Symlinking: /home/tahir/midterm_project/src/install/vehicle_description/share/vehicle_description/photos/DeskPortraitC_02.jpg
[3.356s] -- Symlinking: /home/tahir/midterm_project/src/install/vehicle_description/share/vehicle_description/photos/DeskPortraitD_01.jpg
[3.365s] -- Symlinking: /home/tahir/midterm_project/src/install/vehicle_description/share/vehicle_description/photos/DeskPortraitD_02.jpg
[3.372s] -- Symlinking: /home/tahir/midterm_project/src/install/vehicle_description/share/vehicle_description/photos/DeskPortraitD_03.jpg
[3.379s] -- Symlinking: /home/tahir/midterm_project/src/install/vehicle_description/share/vehicle_description/photos/DeskPortraitD_04.jpg
[3.385s] -- Symlinking: /home/tahir/midterm_project/src/install/vehicle_description/share/vehicle_description/photos/PortraitA_01.jpg
[3.392s] -- Symlinking: /home/tahir/midterm_project/src/install/vehicle_description/share/vehicle_description/photos/PortraitA_02.jpg
[3.397s] -- Symlinking: /home/tahir/midterm_project/src/install/vehicle_description/share/vehicle_description/photos/PortraitB_01.jpg
[3.403s] -- Symlinking: /home/tahir/midterm_project/src/install/vehicle_description/share/vehicle_description/photos/PortraitB_02.jpg
[3.408s] -- Symlinking: /home/tahir/midterm_project/src/install/vehicle_description/share/vehicle_description/photos/PortraitB_03.jpg
[3.413s] -- Symlinking: /home/tahir/midterm_project/src/install/vehicle_description/share/vehicle_description/photos/PortraitC_01.jpg
[3.418s] -- Symlinking: /home/tahir/midterm_project/src/install/vehicle_description/share/vehicle_description/photos/PortraitD_01.jpg
[3.423s] -- Symlinking: /home/tahir/midterm_project/src/install/vehicle_description/share/vehicle_description/photos/PortraitD_02.jpg
[3.427s] -- Symlinking: /home/tahir/midterm_project/src/install/vehicle_description/share/vehicle_description/photos/PortraitE_01.jpg
[3.432s] -- Symlinking: /home/tahir/midterm_project/src/install/vehicle_description/share/vehicle_description/photos/PortraitE_02.jpg
[3.437s] -- Symlinking: /home/tahir/midterm_project/src/install/vehicle_description/share/vehicle_description/worlds/empty.world
[3.442s] -- Symlinking: /home/tahir/midterm_project/src/install/vehicle_description/share/vehicle_description/worlds/small_house.world
[3.448s] -- Symlinking: /home/tahir/midterm_project/src/install/vehicle_description/share/ament_index/resource_index/package_run_dependencies/vehicle_description
[3.454s] -- Symlinking: /home/tahir/midterm_project/src/install/vehicle_description/share/ament_index/resource_index/parent_prefix_path/vehicle_description
[3.461s] -- Symlinking: /home/tahir/midterm_project/src/install/vehicle_description/share/vehicle_description/environment/ament_prefix_path.sh
[3.467s] -- Symlinking: /home/tahir/midterm_project/src/install/vehicle_description/share/vehicle_description/environment/ament_prefix_path.dsv
[3.474s] -- Symlinking: /home/tahir/midterm_project/src/install/vehicle_description/share/vehicle_description/environment/path.sh
[3.480s] -- Symlinking: /home/tahir/midterm_project/src/install/vehicle_description/share/vehicle_description/environment/path.dsv
[3.488s] -- Symlinking: /home/tahir/midterm_project/src/install/vehicle_description/share/vehicle_description/local_setup.bash
[3.497s] -- Symlinking: /home/tahir/midterm_project/src/install/vehicle_description/share/vehicle_description/local_setup.sh
[3.502s] -- Symlinking: /home/tahir/midterm_project/src/install/vehicle_description/share/vehicle_description/local_setup.zsh
[3.510s] -- Symlinking: /home/tahir/midterm_project/src/install/vehicle_description/share/vehicle_description/local_setup.dsv
[3.516s] -- Symlinking: /home/tahir/midterm_project/src/install/vehicle_description/share/vehicle_description/package.dsv
[3.523s] -- Symlinking: /home/tahir/midterm_project/src/install/vehicle_description/share/ament_index/resource_index/packages/vehicle_description
[3.529s] -- Symlinking: /home/tahir/midterm_project/src/install/vehicle_description/share/vehicle_description/cmake/vehicle_descriptionConfig.cmake
[3.536s] -- Symlinking: /home/tahir/midterm_project/src/install/vehicle_description/share/vehicle_description/cmake/vehicle_descriptionConfig-version.cmake
[3.543s] -- Symlinking: /home/tahir/midterm_project/src/install/vehicle_description/share/vehicle_description/package.xml
[3.551s] Invoked command in '/home/tahir/midterm_project/src/build/vehicle_description' returned '0': CMAKE_PREFIX_PATH=${CMAKE_PREFIX_PATH}:/home/tahir/ros2_ws/install/turtle_package:/home/tahir/ros2_ws/install/ros_examples:/home/tahir/ros2_ws/install/my_package:/home/tahir/ros2_ws/install/imu_example_controller:/home/tahir/bumperbot_wss/install/bumperbot_py_examples:/home/tahir/bumperbot_ws/install/bumperbot_slam:/home/tahir/bumperbot_ws/install/bumperbot_navigation:/opt/ros/humble /usr/bin/cmake --install /home/tahir/midterm_project/src/build/vehicle_description
