[0.524s] Invoking command in '/home/tahir/midterm_project/src/build/vehicle_controller': PYTHONPATH=/home/tahir/midterm_project/src/build/vehicle_controller/prefix_override:/usr/lib/python3/dist-packages/colcon_core/task/python/colcon_distutils_commands:/home/tahir/midterm_project/src/install/vehicle_controller/lib/python3.10/site-packages:${PYTHONPATH} /usr/bin/python3 -W ignore:setup.py install is deprecated -W ignore:easy_install command is deprecated setup.py develop --editable --build-directory /home/tahir/midterm_project/src/build/vehicle_controller/build --no-deps symlink_data
[0.723s] running develop
[0.877s] running egg_info
[0.877s] creating vehicle_controller.egg-info
[0.877s] writing vehicle_controller.egg-info/PKG-INFO
[0.877s] writing dependency_links to vehicle_controller.egg-info/dependency_links.txt
[0.877s] writing entry points to vehicle_controller.egg-info/entry_points.txt
[0.877s] writing requirements to vehicle_controller.egg-info/requires.txt
[0.877s] writing top-level names to vehicle_controller.egg-info/top_level.txt
[0.877s] writing manifest file 'vehicle_controller.egg-info/SOURCES.txt'
[0.879s] reading manifest file 'vehicle_controller.egg-info/SOURCES.txt'
[0.879s] writing manifest file 'vehicle_controller.egg-info/SOURCES.txt'
[0.880s] running build_ext
[0.880s] Creating /home/tahir/midterm_project/src/install/vehicle_controller/lib/python3.10/site-packages/vehicle-controller.egg-link (link to .)
[0.881s] Installing imu_logger script to /home/tahir/midterm_project/src/install/vehicle_controller/lib/vehicle_controller
[0.881s] Installing self_control script to /home/tahir/midterm_project/src/install/vehicle_controller/lib/vehicle_controller
[0.881s] 
[0.881s] Installed /home/tahir/midterm_project/src/build/vehicle_controller
[0.881s] running symlink_data
[0.881s] creating /home/tahir/midterm_project/src/install/vehicle_controller/share/ament_index
[0.881s] creating /home/tahir/midterm_project/src/install/vehicle_controller/share/ament_index/resource_index
[0.881s] creating /home/tahir/midterm_project/src/install/vehicle_controller/share/ament_index/resource_index/packages
[0.881s] symbolically linking /home/tahir/midterm_project/src/build/vehicle_controller/resource/vehicle_controller -> /home/tahir/midterm_project/src/install/vehicle_controller/share/ament_index/resource_index/packages
[0.881s] symbolically linking /home/tahir/midterm_project/src/build/vehicle_controller/package.xml -> /home/tahir/midterm_project/src/install/vehicle_controller/share/vehicle_controller
[0.900s] Invoked command in '/home/tahir/midterm_project/src/build/vehicle_controller' returned '0': PYTHONPATH=/home/tahir/midterm_project/src/build/vehicle_controller/prefix_override:/usr/lib/python3/dist-packages/colcon_core/task/python/colcon_distutils_commands:/home/tahir/midterm_project/src/install/vehicle_controller/lib/python3.10/site-packages:${PYTHONPATH} /usr/bin/python3 -W ignore:setup.py install is deprecated -W ignore:easy_install command is deprecated setup.py develop --editable --build-directory /home/tahir/midterm_project/src/build/vehicle_controller/build --no-deps symlink_data
